[ 2014-04-28T14:33:47+08:00 ] 127.0.0.1 /monitor/index.php
INFO: [ app_init ] --START--
INFO: Run Behavior\BuildLiteBehavior [ RunTime:0.001152s ]
INFO: [ app_init ] --END-- [ RunTime:0.081651s ]
INFO: [ app_begin ] --START--
INFO: Run Behavior\ReadHtmlCacheBehavior [ RunTime:0.058268s ]
INFO: [ app_begin ] --END-- [ RunTime:0.064062s ]
INFO: [ view_parse ] --START--
INFO: [ template_filter ] --START--
INFO: Run Behavior\ContentReplaceBehavior [ RunTime:0.002774s ]
INFO: [ template_filter ] --END-- [ RunTime:0.009511s ]
INFO: Run Behavior\ParseTemplateBehavior [ RunTime:0.406291s ]
INFO: [ view_parse ] --END-- [ RunTime:0.411577s ]
INFO: [ view_filter ] --START--
INFO: Run Behavior\WriteHtmlCacheBehavior [ RunTime:0.032865s ]
INFO: [ view_filter ] --END-- [ RunTime:0.038935s ]
INFO: [ app_end ] --START--
INFO: Run Behavior\ShowPageTraceBehavior [ RunTime:0.015665s ]
INFO: [ app_end ] --END-- [ RunTime:0.022733s ]

[ 2014-04-28T14:34:19+08:00 ] 127.0.0.1 /monitor/index.php
INFO: [ app_init ] --START--
INFO: Run Behavior\BuildLiteBehavior [ RunTime:0.000779s ]
INFO: [ app_init ] --END-- [ RunTime:0.006265s ]
INFO: [ app_begin ] --START--
INFO: Run Behavior\ReadHtmlCacheBehavior [ RunTime:0.005144s ]
INFO: [ app_begin ] --END-- [ RunTime:0.010696s ]
INFO: [ view_parse ] --START--
INFO: [ template_filter ] --START--
INFO: Run Behavior\ContentReplaceBehavior [ RunTime:0.002639s ]
INFO: [ template_filter ] --END-- [ RunTime:0.008398s ]
INFO: Run Behavior\ParseTemplateBehavior [ RunTime:0.111374s ]
INFO: [ view_parse ] --END-- [ RunTime:0.117125s ]
INFO: [ view_filter ] --START--
INFO: Run Behavior\WriteHtmlCacheBehavior [ RunTime:0.003175s ]
INFO: [ view_filter ] --END-- [ RunTime:0.008290s ]
INFO: [ app_end ] --START--
INFO: Run Behavior\ShowPageTraceBehavior [ RunTime:0.004552s ]
INFO: [ app_end ] --END-- [ RunTime:0.011525s ]

[ 2014-04-28T14:34:45+08:00 ] 127.0.0.1 /monitor/index.php
INFO: [ app_init ] --START--
INFO: Run Behavior\BuildLiteBehavior [ RunTime:0.000503s ]
INFO: [ app_init ] --END-- [ RunTime:0.003832s ]
INFO: [ app_begin ] --START--
INFO: Run Behavior\ReadHtmlCacheBehavior [ RunTime:0.002718s ]
INFO: [ app_begin ] --END-- [ RunTime:0.006087s ]
INFO: [ view_parse ] --START--
INFO: [ template_filter ] --START--
INFO: Run Behavior\ContentReplaceBehavior [ RunTime:0.002216s ]
INFO: [ template_filter ] --END-- [ RunTime:0.006604s ]
INFO: Run Behavior\ParseTemplateBehavior [ RunTime:0.080104s ]
INFO: [ view_parse ] --END-- [ RunTime:0.083517s ]
INFO: [ view_filter ] --START--
INFO: Run Behavior\WriteHtmlCacheBehavior [ RunTime:0.002910s ]
INFO: [ view_filter ] --END-- [ RunTime:0.007056s ]
INFO: [ app_end ] --START--
INFO: Run Behavior\ShowPageTraceBehavior [ RunTime:0.003303s ]
INFO: [ app_end ] --END-- [ RunTime:0.007639s ]

[ 2014-04-28T14:34:47+08:00 ] 127.0.0.1 /monitor/index.php
INFO: [ app_init ] --START--
INFO: Run Behavior\BuildLiteBehavior [ RunTime:0.000625s ]
INFO: [ app_init ] --END-- [ RunTime:0.005282s ]
INFO: [ app_begin ] --START--
INFO: Run Behavior\ReadHtmlCacheBehavior [ RunTime:0.002576s ]
INFO: [ app_begin ] --END-- [ RunTime:0.006324s ]
INFO: [ view_parse ] --START--
INFO: [ template_filter ] --START--
INFO: Run Behavior\ContentReplaceBehavior [ RunTime:0.001379s ]
INFO: [ template_filter ] --END-- [ RunTime:0.003989s ]
INFO: Run Behavior\ParseTemplateBehavior [ RunTime:0.057890s ]
INFO: [ view_parse ] --END-- [ RunTime:0.061031s ]
INFO: [ view_filter ] --START--
INFO: Run Behavior\WriteHtmlCacheBehavior [ RunTime:0.001572s ]
INFO: [ view_filter ] --END-- [ RunTime:0.004136s ]
INFO: [ app_end ] --START--
INFO: Run Behavior\ShowPageTraceBehavior [ RunTime:0.002450s ]
INFO: [ app_end ] --END-- [ RunTime:0.005715s ]

[ 2014-04-28T14:34:49+08:00 ] 127.0.0.1 /monitor/index.php
INFO: [ app_init ] --START--
INFO: Run Behavior\BuildLiteBehavior [ RunTime:0.000813s ]
INFO: [ app_init ] --END-- [ RunTime:0.005996s ]
INFO: [ app_begin ] --START--
INFO: Run Behavior\ReadHtmlCacheBehavior [ RunTime:0.003427s ]
INFO: [ app_begin ] --END-- [ RunTime:0.007939s ]
INFO: [ view_parse ] --START--
INFO: [ template_filter ] --START--
INFO: Run Behavior\ContentReplaceBehavior [ RunTime:0.001364s ]
INFO: [ template_filter ] --END-- [ RunTime:0.004069s ]
INFO: Run Behavior\ParseTemplateBehavior [ RunTime:0.093240s ]
INFO: [ view_parse ] --END-- [ RunTime:0.096294s ]
INFO: [ view_filter ] --START--
INFO: Run Behavior\WriteHtmlCacheBehavior [ RunTime:0.001802s ]
INFO: [ view_filter ] --END-- [ RunTime:0.004413s ]
INFO: [ app_end ] --START--
INFO: Run Behavior\ShowPageTraceBehavior [ RunTime:0.002346s ]
INFO: [ app_end ] --END-- [ RunTime:0.005118s ]

[ 2014-04-28T14:35:05+08:00 ] 127.0.0.1 /monitor/index.php/Home/Chart/chart
INFO: [ app_init ] --START--
INFO: Run Behavior\BuildLiteBehavior [ RunTime:0.000564s ]
INFO: [ app_init ] --END-- [ RunTime:0.004618s ]
INFO: [ app_begin ] --START--
INFO: Run Behavior\ReadHtmlCacheBehavior [ RunTime:0.003092s ]
INFO: [ app_begin ] --END-- [ RunTime:0.006393s ]
INFO: [ app_end ] --START--
INFO: Run Behavior\ShowPageTraceBehavior [ RunTime:0.004706s ]
INFO: [ app_end ] --END-- [ RunTime:0.010161s ]

[ 2014-04-28T14:52:13+08:00 ] 127.0.0.1 /monitor/index.php/Home/Chart/chart
INFO: [ app_init ] --START--
INFO: Run Behavior\BuildLiteBehavior [ RunTime:0.000791s ]
INFO: [ app_init ] --END-- [ RunTime:0.005980s ]
INFO: [ app_begin ] --START--
INFO: Run Behavior\ReadHtmlCacheBehavior [ RunTime:0.003984s ]
INFO: [ app_begin ] --END-- [ RunTime:0.009087s ]
INFO: [ app_end ] --START--
INFO: Run Behavior\ShowPageTraceBehavior [ RunTime:0.003467s ]
INFO: [ app_end ] --END-- [ RunTime:0.007577s ]

