[ 2014-04-21T16:29:12+08:00 ] 127.0.0.1 /monitor/index.php
INFO: [ app_init ] --START--
INFO: Run Behavior\BuildLiteBehavior [ RunTime:0.000977s ]
INFO: [ app_init ] --END-- [ RunTime:0.048321s ]
INFO: [ app_begin ] --START--
INFO: Run Behavior\ReadHtmlCacheBehavior [ RunTime:0.015798s ]
INFO: [ app_begin ] --END-- [ RunTime:0.018477s ]
INFO: [ view_parse ] --START--
INFO: [ template_filter ] --START--
INFO: Run Behavior\ContentReplaceBehavior [ RunTime:0.001238s ]
INFO: [ template_filter ] --END-- [ RunTime:0.004090s ]
INFO: Run Behavior\ParseTemplateBehavior [ RunTime:0.358189s ]
INFO: [ view_parse ] --END-- [ RunTime:0.363631s ]
INFO: [ view_filter ] --START--
INFO: Run Behavior\WriteHtmlCacheBehavior [ RunTime:0.040577s ]
INFO: [ view_filter ] --END-- [ RunTime:0.045648s ]
INFO: [ app_end ] --START--
INFO: Run Behavior\ShowPageTraceBehavior [ RunTime:0.017884s ]
INFO: [ app_end ] --END-- [ RunTime:0.022979s ]

[ 2014-04-21T16:29:57+08:00 ] 127.0.0.1 /monitor/index.php
INFO: [ app_init ] --START--
INFO: Run Behavior\BuildLiteBehavior [ RunTime:0.000500s ]
INFO: [ app_init ] --END-- [ RunTime:0.003756s ]
INFO: [ app_begin ] --START--
INFO: Run Behavior\ReadHtmlCacheBehavior [ RunTime:0.001983s ]
INFO: [ app_begin ] --END-- [ RunTime:0.004593s ]
INFO: [ view_parse ] --START--
INFO: [ template_filter ] --START--
INFO: Run Behavior\ContentReplaceBehavior [ RunTime:0.001252s ]
INFO: [ template_filter ] --END-- [ RunTime:0.003850s ]
INFO: Run Behavior\ParseTemplateBehavior [ RunTime:0.047307s ]
INFO: [ view_parse ] --END-- [ RunTime:0.049880s ]
INFO: [ view_filter ] --START--
INFO: Run Behavior\WriteHtmlCacheBehavior [ RunTime:0.001770s ]
INFO: [ view_filter ] --END-- [ RunTime:0.004433s ]
INFO: [ app_end ] --START--
INFO: Run Behavior\ShowPageTraceBehavior [ RunTime:0.001996s ]
INFO: [ app_end ] --END-- [ RunTime:0.004573s ]

[ 2014-04-21T16:30:03+08:00 ] 127.0.0.1 /monitor/index.php/Home/Chart/chart
INFO: [ app_init ] --START--
INFO: Run Behavior\BuildLiteBehavior [ RunTime:0.000479s ]
INFO: [ app_init ] --END-- [ RunTime:0.003768s ]
INFO: [ app_begin ] --START--
INFO: Run Behavior\ReadHtmlCacheBehavior [ RunTime:0.002143s ]
INFO: [ app_begin ] --END-- [ RunTime:0.004814s ]
INFO: [ app_end ] --START--
INFO: Run Behavior\ShowPageTraceBehavior [ RunTime:0.004977s ]
INFO: [ app_end ] --END-- [ RunTime:0.012661s ]

[ 2014-04-21T16:46:57+08:00 ] 127.0.0.1 /monitor/index.php
INFO: [ app_init ] --START--
INFO: Run Behavior\BuildLiteBehavior [ RunTime:0.000485s ]
INFO: [ app_init ] --END-- [ RunTime:0.003809s ]
INFO: [ app_begin ] --START--
INFO: Run Behavior\ReadHtmlCacheBehavior [ RunTime:0.002157s ]
INFO: [ app_begin ] --END-- [ RunTime:0.005442s ]
INFO: [ view_parse ] --START--
INFO: [ template_filter ] --START--
INFO: Run Behavior\ContentReplaceBehavior [ RunTime:0.001280s ]
INFO: [ template_filter ] --END-- [ RunTime:0.004231s ]
INFO: Run Behavior\ParseTemplateBehavior [ RunTime:0.054410s ]
INFO: [ view_parse ] --END-- [ RunTime:0.057391s ]
INFO: [ view_filter ] --START--
INFO: Run Behavior\WriteHtmlCacheBehavior [ RunTime:0.001823s ]
INFO: [ view_filter ] --END-- [ RunTime:0.007017s ]
INFO: [ app_end ] --START--
INFO: Run Behavior\ShowPageTraceBehavior [ RunTime:0.002451s ]
INFO: [ app_end ] --END-- [ RunTime:0.005293s ]

[ 2014-04-21T16:47:03+08:00 ] 127.0.0.1 /monitor/index.php/Home/Chart/chart
INFO: [ app_init ] --START--
INFO: Run Behavior\BuildLiteBehavior [ RunTime:0.000515s ]
INFO: [ app_init ] --END-- [ RunTime:0.004047s ]
INFO: [ app_begin ] --START--
INFO: Run Behavior\ReadHtmlCacheBehavior [ RunTime:0.002165s ]
INFO: [ app_begin ] --END-- [ RunTime:0.004853s ]
INFO: [ app_end ] --START--
INFO: Run Behavior\ShowPageTraceBehavior [ RunTime:0.002261s ]
INFO: [ app_end ] --END-- [ RunTime:0.004903s ]

[ 2014-04-21T16:51:35+08:00 ] 127.0.0.1 /monitor/index.php
INFO: [ app_init ] --START--
INFO: Run Behavior\BuildLiteBehavior [ RunTime:0.000520s ]
INFO: [ app_init ] --END-- [ RunTime:0.004198s ]
INFO: [ app_begin ] --START--
INFO: Run Behavior\ReadHtmlCacheBehavior [ RunTime:0.002550s ]
INFO: [ app_begin ] --END-- [ RunTime:0.005358s ]
INFO: [ view_parse ] --START--
INFO: [ template_filter ] --START--
INFO: Run Behavior\ContentReplaceBehavior [ RunTime:0.001226s ]
INFO: [ template_filter ] --END-- [ RunTime:0.003957s ]
INFO: Run Behavior\ParseTemplateBehavior [ RunTime:0.050739s ]
INFO: [ view_parse ] --END-- [ RunTime:0.053386s ]
INFO: [ view_filter ] --START--
INFO: Run Behavior\WriteHtmlCacheBehavior [ RunTime:0.001846s ]
INFO: [ view_filter ] --END-- [ RunTime:0.004516s ]
INFO: [ app_end ] --START--
INFO: Run Behavior\ShowPageTraceBehavior [ RunTime:0.002396s ]
INFO: [ app_end ] --END-- [ RunTime:0.005059s ]

[ 2014-04-21T16:51:43+08:00 ] 127.0.0.1 /monitor/index.php/Home/Chart/chart
INFO: [ app_init ] --START--
INFO: Run Behavior\BuildLiteBehavior [ RunTime:0.000520s ]
INFO: [ app_init ] --END-- [ RunTime:0.003888s ]
INFO: [ app_begin ] --START--
INFO: Run Behavior\ReadHtmlCacheBehavior [ RunTime:0.002112s ]
INFO: [ app_begin ] --END-- [ RunTime:0.004831s ]
INFO: [ app_end ] --START--
INFO: Run Behavior\ShowPageTraceBehavior [ RunTime:0.002401s ]
INFO: [ app_end ] --END-- [ RunTime:0.005211s ]

[ 2014-04-21T16:52:32+08:00 ] 127.0.0.1 /monitor/index.php
INFO: [ app_init ] --START--
INFO: Run Behavior\BuildLiteBehavior [ RunTime:0.000501s ]
INFO: [ app_init ] --END-- [ RunTime:0.004077s ]
INFO: [ app_begin ] --START--
INFO: Run Behavior\ReadHtmlCacheBehavior [ RunTime:0.002377s ]
INFO: [ app_begin ] --END-- [ RunTime:0.005525s ]
INFO: [ view_parse ] --START--
INFO: [ template_filter ] --START--
INFO: Run Behavior\ContentReplaceBehavior [ RunTime:0.001243s ]
INFO: [ template_filter ] --END-- [ RunTime:0.003999s ]
INFO: Run Behavior\ParseTemplateBehavior [ RunTime:0.051396s ]
INFO: [ view_parse ] --END-- [ RunTime:0.054448s ]
INFO: [ view_filter ] --START--
INFO: Run Behavior\WriteHtmlCacheBehavior [ RunTime:0.001860s ]
INFO: [ view_filter ] --END-- [ RunTime:0.004459s ]
INFO: [ app_end ] --START--
INFO: Run Behavior\ShowPageTraceBehavior [ RunTime:0.002325s ]
INFO: [ app_end ] --END-- [ RunTime:0.004918s ]

[ 2014-04-21T16:52:37+08:00 ] 127.0.0.1 /monitor/index.php/Home/Chart/chart
INFO: [ app_init ] --START--
INFO: Run Behavior\BuildLiteBehavior [ RunTime:0.000540s ]
INFO: [ app_init ] --END-- [ RunTime:0.004629s ]
INFO: [ app_begin ] --START--
INFO: Run Behavior\ReadHtmlCacheBehavior [ RunTime:0.002202s ]
INFO: [ app_begin ] --END-- [ RunTime:0.004852s ]
INFO: [ app_end ] --START--
INFO: Run Behavior\ShowPageTraceBehavior [ RunTime:0.002334s ]
INFO: [ app_end ] --END-- [ RunTime:0.005187s ]

[ 2014-04-21T17:02:00+08:00 ] 127.0.0.1 /monitor/index.php
INFO: [ app_init ] --START--
INFO: Run Behavior\BuildLiteBehavior [ RunTime:0.000478s ]
INFO: [ app_init ] --END-- [ RunTime:0.003806s ]
INFO: [ app_begin ] --START--
INFO: Run Behavior\ReadHtmlCacheBehavior [ RunTime:0.002202s ]
INFO: [ app_begin ] --END-- [ RunTime:0.004780s ]
INFO: [ view_parse ] --START--
INFO: [ template_filter ] --START--
INFO: Run Behavior\ContentReplaceBehavior [ RunTime:0.001342s ]
INFO: [ template_filter ] --END-- [ RunTime:0.004037s ]
INFO: Run Behavior\ParseTemplateBehavior [ RunTime:0.051739s ]
INFO: [ view_parse ] --END-- [ RunTime:0.054439s ]
INFO: [ view_filter ] --START--
INFO: Run Behavior\WriteHtmlCacheBehavior [ RunTime:0.002179s ]
INFO: [ view_filter ] --END-- [ RunTime:0.005203s ]
INFO: [ app_end ] --START--
INFO: Run Behavior\ShowPageTraceBehavior [ RunTime:0.002261s ]
INFO: [ app_end ] --END-- [ RunTime:0.004853s ]

[ 2014-04-21T17:02:06+08:00 ] 127.0.0.1 /monitor/index.php/Home/Chart/chart
INFO: [ app_init ] --START--
INFO: Run Behavior\BuildLiteBehavior [ RunTime:0.000551s ]
INFO: [ app_init ] --END-- [ RunTime:0.004637s ]
INFO: [ app_begin ] --START--
INFO: Run Behavior\ReadHtmlCacheBehavior [ RunTime:0.002371s ]
INFO: [ app_begin ] --END-- [ RunTime:0.005395s ]
INFO: [ app_end ] --START--
INFO: Run Behavior\ShowPageTraceBehavior [ RunTime:0.002485s ]
INFO: [ app_end ] --END-- [ RunTime:0.005177s ]

[ 2014-04-21T17:09:34+08:00 ] 127.0.0.1 /monitor/index.php
INFO: [ app_init ] --START--
INFO: Run Behavior\BuildLiteBehavior [ RunTime:0.000557s ]
INFO: [ app_init ] --END-- [ RunTime:0.004749s ]
INFO: [ app_begin ] --START--
INFO: Run Behavior\ReadHtmlCacheBehavior [ RunTime:0.002182s ]
INFO: [ app_begin ] --END-- [ RunTime:0.005008s ]
INFO: [ view_parse ] --START--
INFO: [ template_filter ] --START--
INFO: Run Behavior\ContentReplaceBehavior [ RunTime:0.001280s ]
INFO: [ template_filter ] --END-- [ RunTime:0.004074s ]
INFO: Run Behavior\ParseTemplateBehavior [ RunTime:0.057521s ]
INFO: [ view_parse ] --END-- [ RunTime:0.060226s ]
INFO: [ view_filter ] --START--
INFO: Run Behavior\WriteHtmlCacheBehavior [ RunTime:0.002240s ]
INFO: [ view_filter ] --END-- [ RunTime:0.005280s ]
INFO: [ app_end ] --START--
INFO: Run Behavior\ShowPageTraceBehavior [ RunTime:0.002255s ]
INFO: [ app_end ] --END-- [ RunTime:0.005138s ]

[ 2014-04-21T17:09:39+08:00 ] 127.0.0.1 /monitor/index.php/Home/Chart/chart
INFO: [ app_init ] --START--
INFO: Run Behavior\BuildLiteBehavior [ RunTime:0.000522s ]
INFO: [ app_init ] --END-- [ RunTime:0.004298s ]
INFO: [ app_begin ] --START--
INFO: Run Behavior\ReadHtmlCacheBehavior [ RunTime:0.002317s ]
INFO: [ app_begin ] --END-- [ RunTime:0.005539s ]
INFO: [ app_end ] --START--
INFO: Run Behavior\ShowPageTraceBehavior [ RunTime:0.002478s ]
INFO: [ app_end ] --END-- [ RunTime:0.005449s ]

[ 2014-04-21T17:10:35+08:00 ] 127.0.0.1 /monitor/index.php
INFO: [ app_init ] --START--
INFO: Run Behavior\BuildLiteBehavior [ RunTime:0.000515s ]
INFO: [ app_init ] --END-- [ RunTime:0.003988s ]
INFO: [ app_begin ] --START--
INFO: Run Behavior\ReadHtmlCacheBehavior [ RunTime:0.002004s ]
INFO: [ app_begin ] --END-- [ RunTime:0.004798s ]
INFO: [ view_parse ] --START--
INFO: [ template_filter ] --START--
INFO: Run Behavior\ContentReplaceBehavior [ RunTime:0.001324s ]
INFO: [ template_filter ] --END-- [ RunTime:0.004026s ]
INFO: Run Behavior\ParseTemplateBehavior [ RunTime:0.054597s ]
INFO: [ view_parse ] --END-- [ RunTime:0.057300s ]
INFO: [ view_filter ] --START--
INFO: Run Behavior\WriteHtmlCacheBehavior [ RunTime:0.001931s ]
INFO: [ view_filter ] --END-- [ RunTime:0.004771s ]
INFO: [ app_end ] --START--
INFO: Run Behavior\ShowPageTraceBehavior [ RunTime:0.002356s ]
INFO: [ app_end ] --END-- [ RunTime:0.005117s ]

[ 2014-04-21T17:10:38+08:00 ] 127.0.0.1 /monitor/index.php
INFO: [ app_init ] --START--
INFO: Run Behavior\BuildLiteBehavior [ RunTime:0.000501s ]
INFO: [ app_init ] --END-- [ RunTime:0.003852s ]
INFO: [ app_begin ] --START--
INFO: Run Behavior\ReadHtmlCacheBehavior [ RunTime:0.002096s ]
INFO: [ app_begin ] --END-- [ RunTime:0.004789s ]
INFO: [ view_parse ] --START--
INFO: [ template_filter ] --START--
INFO: Run Behavior\ContentReplaceBehavior [ RunTime:0.001254s ]
INFO: [ template_filter ] --END-- [ RunTime:0.003936s ]
INFO: Run Behavior\ParseTemplateBehavior [ RunTime:0.054097s ]
INFO: [ view_parse ] --END-- [ RunTime:0.056830s ]
INFO: [ view_filter ] --START--
INFO: Run Behavior\WriteHtmlCacheBehavior [ RunTime:0.002158s ]
INFO: [ view_filter ] --END-- [ RunTime:0.005052s ]
INFO: [ app_end ] --START--
INFO: Run Behavior\ShowPageTraceBehavior [ RunTime:0.002346s ]
INFO: [ app_end ] --END-- [ RunTime:0.005025s ]

[ 2014-04-21T17:10:43+08:00 ] 127.0.0.1 /monitor/index.php/Home/Chart/chart
INFO: [ app_init ] --START--
INFO: Run Behavior\BuildLiteBehavior [ RunTime:0.000511s ]
INFO: [ app_init ] --END-- [ RunTime:0.004335s ]
INFO: [ app_begin ] --START--
INFO: Run Behavior\ReadHtmlCacheBehavior [ RunTime:0.002252s ]
INFO: [ app_begin ] --END-- [ RunTime:0.005003s ]
INFO: [ app_end ] --START--
INFO: Run Behavior\ShowPageTraceBehavior [ RunTime:0.002333s ]
INFO: [ app_end ] --END-- [ RunTime:0.005085s ]

[ 2014-04-21T17:13:25+08:00 ] 127.0.0.1 /monitor/index.php
INFO: [ app_init ] --START--
INFO: Run Behavior\BuildLiteBehavior [ RunTime:0.000979s ]
INFO: [ app_init ] --END-- [ RunTime:0.028698s ]
INFO: [ app_begin ] --START--
INFO: Run Behavior\ReadHtmlCacheBehavior [ RunTime:0.024232s ]
INFO: [ app_begin ] --END-- [ RunTime:0.028335s ]
INFO: [ view_parse ] --START--
INFO: [ template_filter ] --START--
INFO: Run Behavior\ContentReplaceBehavior [ RunTime:0.001325s ]
INFO: [ template_filter ] --END-- [ RunTime:0.004023s ]
INFO: Run Behavior\ParseTemplateBehavior [ RunTime:0.098804s ]
INFO: [ view_parse ] --END-- [ RunTime:0.101957s ]
INFO: [ view_filter ] --START--
INFO: Run Behavior\WriteHtmlCacheBehavior [ RunTime:0.002001s ]
INFO: [ view_filter ] --END-- [ RunTime:0.004907s ]
INFO: [ app_end ] --START--
INFO: Run Behavior\ShowPageTraceBehavior [ RunTime:0.006997s ]
INFO: [ app_end ] --END-- [ RunTime:0.009609s ]

[ 2014-04-21T17:13:30+08:00 ] 127.0.0.1 /monitor/index.php/Home/Chart/chart
INFO: [ app_init ] --START--
INFO: Run Behavior\BuildLiteBehavior [ RunTime:0.001079s ]
INFO: [ app_init ] --END-- [ RunTime:0.007914s ]
INFO: [ app_begin ] --START--
INFO: Run Behavior\ReadHtmlCacheBehavior [ RunTime:0.003827s ]
INFO: [ app_begin ] --END-- [ RunTime:0.007226s ]
INFO: [ app_end ] --START--
INFO: Run Behavior\ShowPageTraceBehavior [ RunTime:0.002490s ]
INFO: [ app_end ] --END-- [ RunTime:0.005189s ]

[ 2014-04-21T17:14:36+08:00 ] 127.0.0.1 /monitor/index.php
INFO: [ app_init ] --START--
INFO: Run Behavior\BuildLiteBehavior [ RunTime:0.000497s ]
INFO: [ app_init ] --END-- [ RunTime:0.003964s ]
INFO: [ app_begin ] --START--
INFO: Run Behavior\ReadHtmlCacheBehavior [ RunTime:0.002027s ]
INFO: [ app_begin ] --END-- [ RunTime:0.005182s ]
INFO: [ view_parse ] --START--
INFO: [ template_filter ] --START--
INFO: Run Behavior\ContentReplaceBehavior [ RunTime:0.001235s ]
INFO: [ template_filter ] --END-- [ RunTime:0.003866s ]
INFO: Run Behavior\ParseTemplateBehavior [ RunTime:0.055997s ]
INFO: [ view_parse ] --END-- [ RunTime:0.059122s ]
INFO: [ view_filter ] --START--
INFO: Run Behavior\WriteHtmlCacheBehavior [ RunTime:0.002860s ]
INFO: [ view_filter ] --END-- [ RunTime:0.006409s ]
INFO: [ app_end ] --START--
INFO: Run Behavior\ShowPageTraceBehavior [ RunTime:0.002551s ]
INFO: [ app_end ] --END-- [ RunTime:0.005713s ]

[ 2014-04-21T17:14:42+08:00 ] 127.0.0.1 /monitor/index.php/Home/Chart/chart
INFO: [ app_init ] --START--
INFO: Run Behavior\BuildLiteBehavior [ RunTime:0.000493s ]
INFO: [ app_init ] --END-- [ RunTime:0.003766s ]
INFO: [ app_begin ] --START--
INFO: Run Behavior\ReadHtmlCacheBehavior [ RunTime:0.002436s ]
INFO: [ app_begin ] --END-- [ RunTime:0.005278s ]
INFO: [ app_end ] --START--
INFO: Run Behavior\ShowPageTraceBehavior [ RunTime:0.002811s ]
INFO: [ app_end ] --END-- [ RunTime:0.005644s ]

[ 2014-04-21T17:20:52+08:00 ] 127.0.0.1 /monitor/index.php
INFO: [ app_init ] --START--
INFO: Run Behavior\BuildLiteBehavior [ RunTime:0.000479s ]
INFO: [ app_init ] --END-- [ RunTime:0.003777s ]
INFO: [ app_begin ] --START--
INFO: Run Behavior\ReadHtmlCacheBehavior [ RunTime:0.002389s ]
INFO: [ app_begin ] --END-- [ RunTime:0.005164s ]
INFO: [ view_parse ] --START--
INFO: [ template_filter ] --START--
INFO: Run Behavior\ContentReplaceBehavior [ RunTime:0.001949s ]
INFO: [ template_filter ] --END-- [ RunTime:0.005744s ]
INFO: Run Behavior\ParseTemplateBehavior [ RunTime:0.059330s ]
INFO: [ view_parse ] --END-- [ RunTime:0.061981s ]
INFO: [ view_filter ] --START--
INFO: Run Behavior\WriteHtmlCacheBehavior [ RunTime:0.002154s ]
INFO: [ view_filter ] --END-- [ RunTime:0.005095s ]
INFO: [ app_end ] --START--
INFO: Run Behavior\ShowPageTraceBehavior [ RunTime:0.002264s ]
INFO: [ app_end ] --END-- [ RunTime:0.004954s ]

[ 2014-04-21T17:20:57+08:00 ] 127.0.0.1 /monitor/index.php/Home/Chart/chart
INFO: [ app_init ] --START--
INFO: Run Behavior\BuildLiteBehavior [ RunTime:0.000547s ]
INFO: [ app_init ] --END-- [ RunTime:0.004300s ]
INFO: [ app_begin ] --START--
INFO: Run Behavior\ReadHtmlCacheBehavior [ RunTime:0.002162s ]
INFO: [ app_begin ] --END-- [ RunTime:0.004736s ]
INFO: [ app_end ] --START--
INFO: Run Behavior\ShowPageTraceBehavior [ RunTime:0.002230s ]
INFO: [ app_end ] --END-- [ RunTime:0.004877s ]

[ 2014-04-21T17:58:25+08:00 ] 127.0.0.1 /monitor/index.php
INFO: [ app_init ] --START--
INFO: Run Behavior\BuildLiteBehavior [ RunTime:0.000862s ]
INFO: [ app_init ] --END-- [ RunTime:0.005307s ]
INFO: [ app_begin ] --START--
INFO: Run Behavior\ReadHtmlCacheBehavior [ RunTime:0.002173s ]
INFO: [ app_begin ] --END-- [ RunTime:0.004831s ]
INFO: [ view_parse ] --START--
INFO: [ template_filter ] --START--
INFO: Run Behavior\ContentReplaceBehavior [ RunTime:0.001455s ]
INFO: [ template_filter ] --END-- [ RunTime:0.005163s ]
INFO: Run Behavior\ParseTemplateBehavior [ RunTime:0.067703s ]
INFO: [ view_parse ] --END-- [ RunTime:0.070400s ]
INFO: [ view_filter ] --START--
INFO: Run Behavior\WriteHtmlCacheBehavior [ RunTime:0.001845s ]
INFO: [ view_filter ] --END-- [ RunTime:0.004507s ]
INFO: [ app_end ] --START--
INFO: Run Behavior\ShowPageTraceBehavior [ RunTime:0.002318s ]
INFO: [ app_end ] --END-- [ RunTime:0.005260s ]

[ 2014-04-21T17:58:30+08:00 ] 127.0.0.1 /monitor/index.php/Home/Chart/chart
INFO: [ app_init ] --START--
INFO: Run Behavior\BuildLiteBehavior [ RunTime:0.000483s ]
INFO: [ app_init ] --END-- [ RunTime:0.003956s ]
INFO: [ app_begin ] --START--
INFO: Run Behavior\ReadHtmlCacheBehavior [ RunTime:0.001945s ]
INFO: [ app_begin ] --END-- [ RunTime:0.004613s ]
INFO: [ app_end ] --START--
INFO: Run Behavior\ShowPageTraceBehavior [ RunTime:0.002496s ]
INFO: [ app_end ] --END-- [ RunTime:0.005199s ]

[ 2014-04-21T18:02:06+08:00 ] 127.0.0.1 /monitor/index.php
INFO: [ app_init ] --START--
INFO: Run Behavior\BuildLiteBehavior [ RunTime:0.000501s ]
INFO: [ app_init ] --END-- [ RunTime:0.004174s ]
INFO: [ app_begin ] --START--
INFO: Run Behavior\ReadHtmlCacheBehavior [ RunTime:0.002350s ]
INFO: [ app_begin ] --END-- [ RunTime:0.004952s ]
INFO: [ view_parse ] --START--
INFO: [ template_filter ] --START--
INFO: Run Behavior\ContentReplaceBehavior [ RunTime:0.001360s ]
INFO: [ template_filter ] --END-- [ RunTime:0.003995s ]
INFO: Run Behavior\ParseTemplateBehavior [ RunTime:0.061857s ]
INFO: [ view_parse ] --END-- [ RunTime:0.064534s ]
INFO: [ view_filter ] --START--
INFO: Run Behavior\WriteHtmlCacheBehavior [ RunTime:0.001837s ]
INFO: [ view_filter ] --END-- [ RunTime:0.004408s ]
INFO: [ app_end ] --START--
INFO: Run Behavior\ShowPageTraceBehavior [ RunTime:0.002276s ]
INFO: [ app_end ] --END-- [ RunTime:0.004948s ]

[ 2014-04-21T18:02:11+08:00 ] 127.0.0.1 /monitor/index.php/Home/Chart/chart
INFO: [ app_init ] --START--
INFO: Run Behavior\BuildLiteBehavior [ RunTime:0.000523s ]
INFO: [ app_init ] --END-- [ RunTime:0.003857s ]
INFO: [ app_begin ] --START--
INFO: Run Behavior\ReadHtmlCacheBehavior [ RunTime:0.002139s ]
INFO: [ app_begin ] --END-- [ RunTime:0.004908s ]
INFO: [ app_end ] --START--
INFO: Run Behavior\ShowPageTraceBehavior [ RunTime:0.002197s ]
INFO: [ app_end ] --END-- [ RunTime:0.004824s ]

[ 2014-04-21T18:12:46+08:00 ] 127.0.0.1 /monitor/index.php
INFO: [ app_init ] --START--
INFO: Run Behavior\BuildLiteBehavior [ RunTime:0.000522s ]
INFO: [ app_init ] --END-- [ RunTime:0.004656s ]
INFO: [ app_begin ] --START--
INFO: Run Behavior\ReadHtmlCacheBehavior [ RunTime:0.002212s ]
INFO: [ app_begin ] --END-- [ RunTime:0.004849s ]
INFO: [ view_parse ] --START--
INFO: [ template_filter ] --START--
INFO: Run Behavior\ContentReplaceBehavior [ RunTime:0.001397s ]
INFO: [ template_filter ] --END-- [ RunTime:0.004210s ]
INFO: Run Behavior\ParseTemplateBehavior [ RunTime:0.066335s ]
INFO: [ view_parse ] --END-- [ RunTime:0.068996s ]
INFO: [ view_filter ] --START--
INFO: Run Behavior\WriteHtmlCacheBehavior [ RunTime:0.001883s ]
INFO: [ view_filter ] --END-- [ RunTime:0.004491s ]
INFO: [ app_end ] --START--
INFO: Run Behavior\ShowPageTraceBehavior [ RunTime:0.003287s ]
INFO: [ app_end ] --END-- [ RunTime:0.006025s ]

[ 2014-04-21T18:12:51+08:00 ] 127.0.0.1 /monitor/index.php/Home/Chart/chart
INFO: [ app_init ] --START--
INFO: Run Behavior\BuildLiteBehavior [ RunTime:0.000536s ]
INFO: [ app_init ] --END-- [ RunTime:0.004020s ]
INFO: [ app_begin ] --START--
INFO: Run Behavior\ReadHtmlCacheBehavior [ RunTime:0.002063s ]
INFO: [ app_begin ] --END-- [ RunTime:0.004768s ]
INFO: [ app_end ] --START--
INFO: Run Behavior\ShowPageTraceBehavior [ RunTime:0.002596s ]
INFO: [ app_end ] --END-- [ RunTime:0.005491s ]

[ 2014-04-21T18:14:01+08:00 ] 127.0.0.1 /monitor/index.php
INFO: [ app_init ] --START--
INFO: Run Behavior\BuildLiteBehavior [ RunTime:0.000579s ]
INFO: [ app_init ] --END-- [ RunTime:0.004815s ]
INFO: [ app_begin ] --START--
INFO: Run Behavior\ReadHtmlCacheBehavior [ RunTime:0.002063s ]
INFO: [ app_begin ] --END-- [ RunTime:0.004718s ]
INFO: [ view_parse ] --START--
INFO: [ template_filter ] --START--
INFO: Run Behavior\ContentReplaceBehavior [ RunTime:0.001381s ]
INFO: [ template_filter ] --END-- [ RunTime:0.004011s ]
INFO: Run Behavior\ParseTemplateBehavior [ RunTime:0.064137s ]
INFO: [ view_parse ] --END-- [ RunTime:0.066803s ]
INFO: [ view_filter ] --START--
INFO: Run Behavior\WriteHtmlCacheBehavior [ RunTime:0.001862s ]
INFO: [ view_filter ] --END-- [ RunTime:0.004514s ]
INFO: [ app_end ] --START--
INFO: Run Behavior\ShowPageTraceBehavior [ RunTime:0.002328s ]
INFO: [ app_end ] --END-- [ RunTime:0.005085s ]

[ 2014-04-21T18:14:06+08:00 ] 127.0.0.1 /monitor/index.php/Home/Chart/chart
INFO: [ app_init ] --START--
INFO: Run Behavior\BuildLiteBehavior [ RunTime:0.000521s ]
INFO: [ app_init ] --END-- [ RunTime:0.003988s ]
INFO: [ app_begin ] --START--
INFO: Run Behavior\ReadHtmlCacheBehavior [ RunTime:0.002021s ]
INFO: [ app_begin ] --END-- [ RunTime:0.004797s ]
INFO: [ app_end ] --START--
INFO: Run Behavior\ShowPageTraceBehavior [ RunTime:0.002861s ]
INFO: [ app_end ] --END-- [ RunTime:0.007467s ]

[ 2014-04-21T18:14:52+08:00 ] 127.0.0.1 /monitor/index.php
INFO: [ app_init ] --START--
INFO: Run Behavior\BuildLiteBehavior [ RunTime:0.000511s ]
INFO: [ app_init ] --END-- [ RunTime:0.004136s ]
INFO: [ app_begin ] --START--
INFO: Run Behavior\ReadHtmlCacheBehavior [ RunTime:0.002586s ]
INFO: [ app_begin ] --END-- [ RunTime:0.005326s ]
INFO: [ view_parse ] --START--
INFO: [ template_filter ] --START--
INFO: Run Behavior\ContentReplaceBehavior [ RunTime:0.001567s ]
INFO: [ template_filter ] --END-- [ RunTime:0.004221s ]
INFO: Run Behavior\ParseTemplateBehavior [ RunTime:0.063145s ]
INFO: [ view_parse ] --END-- [ RunTime:0.066320s ]
INFO: [ view_filter ] --START--
INFO: Run Behavior\WriteHtmlCacheBehavior [ RunTime:0.001868s ]
INFO: [ view_filter ] --END-- [ RunTime:0.004653s ]
INFO: [ app_end ] --START--
INFO: Run Behavior\ShowPageTraceBehavior [ RunTime:0.003116s ]
INFO: [ app_end ] --END-- [ RunTime:0.005821s ]

[ 2014-04-21T18:14:57+08:00 ] 127.0.0.1 /monitor/index.php/Home/Chart/chart
INFO: [ app_init ] --START--
INFO: Run Behavior\BuildLiteBehavior [ RunTime:0.000497s ]
INFO: [ app_init ] --END-- [ RunTime:0.004005s ]
INFO: [ app_begin ] --START--
INFO: Run Behavior\ReadHtmlCacheBehavior [ RunTime:0.002067s ]
INFO: [ app_begin ] --END-- [ RunTime:0.004822s ]
INFO: [ app_end ] --START--
INFO: Run Behavior\ShowPageTraceBehavior [ RunTime:0.002511s ]
INFO: [ app_end ] --END-- [ RunTime:0.005335s ]

[ 2014-04-21T18:16:54+08:00 ] 127.0.0.1 /monitor/index.php
INFO: [ app_init ] --START--
INFO: Run Behavior\BuildLiteBehavior [ RunTime:0.000475s ]
INFO: [ app_init ] --END-- [ RunTime:0.004055s ]
INFO: [ app_begin ] --START--
INFO: Run Behavior\ReadHtmlCacheBehavior [ RunTime:0.002104s ]
INFO: [ app_begin ] --END-- [ RunTime:0.004702s ]
INFO: [ view_parse ] --START--
INFO: [ template_filter ] --START--
INFO: Run Behavior\ContentReplaceBehavior [ RunTime:0.001463s ]
INFO: [ template_filter ] --END-- [ RunTime:0.004179s ]
INFO: Run Behavior\ParseTemplateBehavior [ RunTime:0.062549s ]
INFO: [ view_parse ] --END-- [ RunTime:0.065368s ]
INFO: [ view_filter ] --START--
INFO: Run Behavior\WriteHtmlCacheBehavior [ RunTime:0.001838s ]
INFO: [ view_filter ] --END-- [ RunTime:0.004410s ]
INFO: [ app_end ] --START--
INFO: Run Behavior\ShowPageTraceBehavior [ RunTime:0.002453s ]
INFO: [ app_end ] --END-- [ RunTime:0.005059s ]

[ 2014-04-21T18:16:59+08:00 ] 127.0.0.1 /monitor/index.php/Home/Chart/chart
INFO: [ app_init ] --START--
INFO: Run Behavior\BuildLiteBehavior [ RunTime:0.000487s ]
INFO: [ app_init ] --END-- [ RunTime:0.005814s ]
INFO: [ app_begin ] --START--
INFO: Run Behavior\ReadHtmlCacheBehavior [ RunTime:0.003062s ]
INFO: [ app_begin ] --END-- [ RunTime:0.007529s ]
INFO: [ app_end ] --START--
INFO: Run Behavior\ShowPageTraceBehavior [ RunTime:0.003825s ]
INFO: [ app_end ] --END-- [ RunTime:0.009517s ]

[ 2014-04-21T18:17:16+08:00 ] 127.0.0.1 /monitor/index.php
INFO: [ app_init ] --START--
INFO: Run Behavior\BuildLiteBehavior [ RunTime:0.000603s ]
INFO: [ app_init ] --END-- [ RunTime:0.004788s ]
INFO: [ app_begin ] --START--
INFO: Run Behavior\ReadHtmlCacheBehavior [ RunTime:0.001965s ]
INFO: [ app_begin ] --END-- [ RunTime:0.004547s ]
INFO: [ view_parse ] --START--
INFO: [ template_filter ] --START--
INFO: Run Behavior\ContentReplaceBehavior [ RunTime:0.001398s ]
INFO: [ template_filter ] --END-- [ RunTime:0.004018s ]
INFO: Run Behavior\ParseTemplateBehavior [ RunTime:0.063377s ]
INFO: [ view_parse ] --END-- [ RunTime:0.066144s ]
INFO: [ view_filter ] --START--
INFO: Run Behavior\WriteHtmlCacheBehavior [ RunTime:0.002024s ]
INFO: [ view_filter ] --END-- [ RunTime:0.004636s ]
INFO: [ app_end ] --START--
INFO: Run Behavior\ShowPageTraceBehavior [ RunTime:0.002318s ]
INFO: [ app_end ] --END-- [ RunTime:0.005044s ]

[ 2014-04-21T18:17:21+08:00 ] 127.0.0.1 /monitor/index.php/Home/Chart/chart
INFO: [ app_init ] --START--
INFO: Run Behavior\BuildLiteBehavior [ RunTime:0.000544s ]
INFO: [ app_init ] --END-- [ RunTime:0.004424s ]
INFO: [ app_begin ] --START--
INFO: Run Behavior\ReadHtmlCacheBehavior [ RunTime:0.002901s ]
INFO: [ app_begin ] --END-- [ RunTime:0.006113s ]
INFO: [ app_end ] --START--
INFO: Run Behavior\ShowPageTraceBehavior [ RunTime:0.002244s ]
INFO: [ app_end ] --END-- [ RunTime:0.004919s ]

[ 2014-04-21T18:22:03+08:00 ] 127.0.0.1 /monitor/index.php/Home/Video/video
INFO: [ app_init ] --START--
INFO: Run Behavior\BuildLiteBehavior [ RunTime:0.000480s ]
INFO: [ app_init ] --END-- [ RunTime:0.003761s ]
INFO: [ app_begin ] --START--
INFO: Run Behavior\ReadHtmlCacheBehavior [ RunTime:0.002583s ]
INFO: [ app_begin ] --END-- [ RunTime:0.005362s ]
ERR: 模板不存在:./Application/Home/View/Video/video.html

[ 2014-04-21T18:24:12+08:00 ] 127.0.0.1 /monitor/index.php/Home/Video/video
INFO: [ app_init ] --START--
INFO: Run Behavior\BuildLiteBehavior [ RunTime:0.000526s ]
INFO: [ app_init ] --END-- [ RunTime:0.004168s ]
INFO: [ app_begin ] --START--
INFO: Run Behavior\ReadHtmlCacheBehavior [ RunTime:0.002353s ]
INFO: [ app_begin ] --END-- [ RunTime:0.005049s ]
ERR: 模板不存在:./Application/Home/View/Video/video.html

[ 2014-04-21T18:24:28+08:00 ] 127.0.0.1 /monitor/index.php/Home/Video/video
INFO: [ app_init ] --START--
INFO: Run Behavior\BuildLiteBehavior [ RunTime:0.000541s ]
INFO: [ app_init ] --END-- [ RunTime:0.004061s ]
INFO: [ app_begin ] --START--
INFO: Run Behavior\ReadHtmlCacheBehavior [ RunTime:0.002068s ]
INFO: [ app_begin ] --END-- [ RunTime:0.004742s ]
ERR: 模板不存在:./Application/Home/View/Video/video.html

[ 2014-04-21T18:34:28+08:00 ] 127.0.0.1 /monitor/index.php/Home/Video/video
INFO: [ app_init ] --START--
INFO: Run Behavior\BuildLiteBehavior [ RunTime:0.000471s ]
INFO: [ app_init ] --END-- [ RunTime:0.003749s ]
INFO: [ app_begin ] --START--
INFO: Run Behavior\ReadHtmlCacheBehavior [ RunTime:0.002120s ]
INFO: [ app_begin ] --END-- [ RunTime:0.005285s ]
INFO: [ view_parse ] --START--
INFO: [ template_filter ] --START--
INFO: Run Behavior\ContentReplaceBehavior [ RunTime:0.002249s ]
INFO: [ template_filter ] --END-- [ RunTime:0.004913s ]
INFO: Run Behavior\ParseTemplateBehavior [ RunTime:0.056319s ]
INFO: [ view_parse ] --END-- [ RunTime:0.059058s ]
INFO: [ view_filter ] --START--
INFO: Run Behavior\WriteHtmlCacheBehavior [ RunTime:0.002446s ]
INFO: [ view_filter ] --END-- [ RunTime:0.005044s ]
INFO: [ app_end ] --START--
INFO: Run Behavior\ShowPageTraceBehavior [ RunTime:0.002462s ]
INFO: [ app_end ] --END-- [ RunTime:0.005053s ]

[ 2014-04-21T18:48:40+08:00 ] 127.0.0.1 /monitor/index.php/Home/Video/video
INFO: [ app_init ] --START--
INFO: Run Behavior\BuildLiteBehavior [ RunTime:0.000486s ]
INFO: [ app_init ] --END-- [ RunTime:0.003722s ]
INFO: [ app_begin ] --START--
INFO: Run Behavior\ReadHtmlCacheBehavior [ RunTime:0.002183s ]
INFO: [ app_begin ] --END-- [ RunTime:0.004760s ]
INFO: [ view_parse ] --START--
INFO: [ template_filter ] --START--
INFO: Run Behavior\ContentReplaceBehavior [ RunTime:0.001578s ]
INFO: [ template_filter ] --END-- [ RunTime:0.004406s ]
INFO: Run Behavior\ParseTemplateBehavior [ RunTime:0.053838s ]
INFO: [ view_parse ] --END-- [ RunTime:0.056553s ]
INFO: [ view_filter ] --START--
INFO: Run Behavior\WriteHtmlCacheBehavior [ RunTime:0.001724s ]
INFO: [ view_filter ] --END-- [ RunTime:0.004343s ]
INFO: [ app_end ] --START--
INFO: Run Behavior\ShowPageTraceBehavior [ RunTime:0.002585s ]
INFO: [ app_end ] --END-- [ RunTime:0.005192s ]

[ 2014-04-21T18:52:34+08:00 ] 127.0.0.1 /monitor/index.php/Home/Video/video
INFO: [ app_init ] --START--
INFO: Run Behavior\BuildLiteBehavior [ RunTime:0.000529s ]
INFO: [ app_init ] --END-- [ RunTime:0.003970s ]
INFO: [ app_begin ] --START--
INFO: Run Behavior\ReadHtmlCacheBehavior [ RunTime:0.002154s ]
INFO: [ app_begin ] --END-- [ RunTime:0.004906s ]
INFO: [ view_parse ] --START--
INFO: [ template_filter ] --START--
INFO: Run Behavior\ContentReplaceBehavior [ RunTime:0.001505s ]
INFO: [ template_filter ] --END-- [ RunTime:0.004216s ]
INFO: Run Behavior\ParseTemplateBehavior [ RunTime:0.054129s ]
INFO: [ view_parse ] --END-- [ RunTime:0.056879s ]
INFO: [ view_filter ] --START--
INFO: Run Behavior\WriteHtmlCacheBehavior [ RunTime:0.001816s ]
INFO: [ view_filter ] --END-- [ RunTime:0.004384s ]
INFO: [ app_end ] --START--
INFO: Run Behavior\ShowPageTraceBehavior [ RunTime:0.002239s ]
INFO: [ app_end ] --END-- [ RunTime:0.005081s ]

[ 2014-04-21T19:00:50+08:00 ] 127.0.0.1 /monitor/index.php/Home/Video/video
INFO: [ app_init ] --START--
INFO: Run Behavior\BuildLiteBehavior [ RunTime:0.000503s ]
INFO: [ app_init ] --END-- [ RunTime:0.004543s ]
INFO: [ app_begin ] --START--
INFO: Run Behavior\ReadHtmlCacheBehavior [ RunTime:0.002303s ]
INFO: [ app_begin ] --END-- [ RunTime:0.004908s ]
INFO: [ view_parse ] --START--
INFO: [ template_filter ] --START--
INFO: Run Behavior\ContentReplaceBehavior [ RunTime:0.001476s ]
INFO: [ template_filter ] --END-- [ RunTime:0.004147s ]
INFO: Run Behavior\ParseTemplateBehavior [ RunTime:0.054527s ]
INFO: [ view_parse ] --END-- [ RunTime:0.057155s ]
INFO: [ view_filter ] --START--
INFO: Run Behavior\WriteHtmlCacheBehavior [ RunTime:0.001751s ]
INFO: [ view_filter ] --END-- [ RunTime:0.004358s ]
INFO: [ app_end ] --START--
INFO: Run Behavior\ShowPageTraceBehavior [ RunTime:0.002088s ]
INFO: [ app_end ] --END-- [ RunTime:0.004703s ]

[ 2014-04-21T19:00:53+08:00 ] 127.0.0.1 /monitor/index.php/Home/Video/ckplayer/ckplayer.js
INFO: [ app_init ] --START--
INFO: Run Behavior\BuildLiteBehavior [ RunTime:0.000495s ]
INFO: [ app_init ] --END-- [ RunTime:0.003742s ]
INFO: [ app_begin ] --START--
INFO: Run Behavior\ReadHtmlCacheBehavior [ RunTime:0.001935s ]
INFO: [ app_begin ] --END-- [ RunTime:0.004521s ]
ERR: 非法操作:ckplayer

[ 2014-04-21T19:01:47+08:00 ] 127.0.0.1 /monitor/index.php/Home/Video/video
INFO: [ app_init ] --START--
INFO: Run Behavior\BuildLiteBehavior [ RunTime:0.000517s ]
INFO: [ app_init ] --END-- [ RunTime:0.004032s ]
INFO: [ app_begin ] --START--
INFO: Run Behavior\ReadHtmlCacheBehavior [ RunTime:0.002216s ]
INFO: [ app_begin ] --END-- [ RunTime:0.004856s ]
INFO: [ view_parse ] --START--
INFO: [ template_filter ] --START--
INFO: Run Behavior\ContentReplaceBehavior [ RunTime:0.001709s ]
INFO: [ template_filter ] --END-- [ RunTime:0.004466s ]
INFO: Run Behavior\ParseTemplateBehavior [ RunTime:0.053099s ]
INFO: [ view_parse ] --END-- [ RunTime:0.055804s ]
INFO: [ view_filter ] --START--
INFO: Run Behavior\WriteHtmlCacheBehavior [ RunTime:0.001606s ]
INFO: [ view_filter ] --END-- [ RunTime:0.004169s ]
INFO: [ app_end ] --START--
INFO: Run Behavior\ShowPageTraceBehavior [ RunTime:0.001910s ]
INFO: [ app_end ] --END-- [ RunTime:0.004606s ]

[ 2014-04-21T19:01:50+08:00 ] 127.0.0.1 /monitor/index.php/Home/Video/ckplayer/ckplayer.js
INFO: [ app_init ] --START--
INFO: Run Behavior\BuildLiteBehavior [ RunTime:0.000518s ]
INFO: [ app_init ] --END-- [ RunTime:0.003968s ]
INFO: [ app_begin ] --START--
INFO: Run Behavior\ReadHtmlCacheBehavior [ RunTime:0.002420s ]
INFO: [ app_begin ] --END-- [ RunTime:0.005637s ]
ERR: 非法操作:ckplayer

[ 2014-04-21T19:02:58+08:00 ] 127.0.0.1 /monitor/index.php/Home/Video/video
INFO: [ app_init ] --START--
INFO: Run Behavior\BuildLiteBehavior [ RunTime:0.000480s ]
INFO: [ app_init ] --END-- [ RunTime:0.004016s ]
INFO: [ app_begin ] --START--
INFO: Run Behavior\ReadHtmlCacheBehavior [ RunTime:0.002736s ]
INFO: [ app_begin ] --END-- [ RunTime:0.005712s ]
INFO: [ view_parse ] --START--
INFO: [ template_filter ] --START--
INFO: Run Behavior\ContentReplaceBehavior [ RunTime:0.001672s ]
INFO: [ template_filter ] --END-- [ RunTime:0.004633s ]
INFO: Run Behavior\ParseTemplateBehavior [ RunTime:0.057717s ]
INFO: [ view_parse ] --END-- [ RunTime:0.060938s ]
INFO: [ view_filter ] --START--
INFO: Run Behavior\WriteHtmlCacheBehavior [ RunTime:0.002450s ]
INFO: [ view_filter ] --END-- [ RunTime:0.005172s ]
INFO: [ app_end ] --START--
INFO: Run Behavior\ShowPageTraceBehavior [ RunTime:0.002179s ]
INFO: [ app_end ] --END-- [ RunTime:0.005312s ]

[ 2014-04-21T19:03:01+08:00 ] 127.0.0.1 /monitor/index.php/Home/Video/ckplayer/ckplayer.js
INFO: [ app_init ] --START--
INFO: Run Behavior\BuildLiteBehavior [ RunTime:0.000478s ]
INFO: [ app_init ] --END-- [ RunTime:0.004155s ]
INFO: [ app_begin ] --START--
INFO: Run Behavior\ReadHtmlCacheBehavior [ RunTime:0.002038s ]
INFO: [ app_begin ] --END-- [ RunTime:0.004893s ]
ERR: 非法操作:ckplayer

[ 2014-04-21T19:06:22+08:00 ] 127.0.0.1 /monitor/index.php/Home/Video/video
INFO: [ app_init ] --START--
INFO: Run Behavior\BuildLiteBehavior [ RunTime:0.000519s ]
INFO: [ app_init ] --END-- [ RunTime:0.004749s ]
INFO: [ app_begin ] --START--
INFO: Run Behavior\ReadHtmlCacheBehavior [ RunTime:0.002244s ]
INFO: [ app_begin ] --END-- [ RunTime:0.004845s ]
INFO: [ view_parse ] --START--
INFO: [ template_filter ] --START--
INFO: Run Behavior\ContentReplaceBehavior [ RunTime:0.001704s ]
INFO: [ template_filter ] --END-- [ RunTime:0.004543s ]
INFO: Run Behavior\ParseTemplateBehavior [ RunTime:0.053429s ]
INFO: [ view_parse ] --END-- [ RunTime:0.056011s ]
INFO: [ view_filter ] --START--
INFO: Run Behavior\WriteHtmlCacheBehavior [ RunTime:0.001897s ]
INFO: [ view_filter ] --END-- [ RunTime:0.004591s ]
INFO: [ app_end ] --START--
INFO: Run Behavior\ShowPageTraceBehavior [ RunTime:0.002095s ]
INFO: [ app_end ] --END-- [ RunTime:0.004667s ]

[ 2014-04-21T19:06:36+08:00 ] 127.0.0.1 /monitor/index.php/Home/Video/video
INFO: [ app_init ] --START--
INFO: Run Behavior\BuildLiteBehavior [ RunTime:0.000501s ]
INFO: [ app_init ] --END-- [ RunTime:0.004142s ]
INFO: [ app_begin ] --START--
INFO: Run Behavior\ReadHtmlCacheBehavior [ RunTime:0.001952s ]
INFO: [ app_begin ] --END-- [ RunTime:0.004534s ]
INFO: [ view_parse ] --START--
INFO: [ template_filter ] --START--
INFO: Run Behavior\ContentReplaceBehavior [ RunTime:0.001615s ]
INFO: [ template_filter ] --END-- [ RunTime:0.004851s ]
INFO: Run Behavior\ParseTemplateBehavior [ RunTime:0.052307s ]
INFO: [ view_parse ] --END-- [ RunTime:0.054945s ]
INFO: [ view_filter ] --START--
INFO: Run Behavior\WriteHtmlCacheBehavior [ RunTime:0.001539s ]
INFO: [ view_filter ] --END-- [ RunTime:0.004160s ]
INFO: [ app_end ] --START--
INFO: Run Behavior\ShowPageTraceBehavior [ RunTime:0.001951s ]
INFO: [ app_end ] --END-- [ RunTime:0.004520s ]

[ 2014-04-21T19:06:38+08:00 ] 127.0.0.1 /monitor/index.php/Home/Video/video
INFO: [ app_init ] --START--
INFO: Run Behavior\BuildLiteBehavior [ RunTime:0.000474s ]
INFO: [ app_init ] --END-- [ RunTime:0.003727s ]
INFO: [ app_begin ] --START--
INFO: Run Behavior\ReadHtmlCacheBehavior [ RunTime:0.002149s ]
INFO: [ app_begin ] --END-- [ RunTime:0.004804s ]
INFO: [ view_parse ] --START--
INFO: [ template_filter ] --START--
INFO: Run Behavior\ContentReplaceBehavior [ RunTime:0.001490s ]
INFO: [ template_filter ] --END-- [ RunTime:0.004105s ]
INFO: Run Behavior\ParseTemplateBehavior [ RunTime:0.060622s ]
INFO: [ view_parse ] --END-- [ RunTime:0.065372s ]
INFO: [ view_filter ] --START--
INFO: Run Behavior\WriteHtmlCacheBehavior [ RunTime:0.002062s ]
INFO: [ view_filter ] --END-- [ RunTime:0.004628s ]
INFO: [ app_end ] --START--
INFO: Run Behavior\ShowPageTraceBehavior [ RunTime:0.002086s ]
INFO: [ app_end ] --END-- [ RunTime:0.004817s ]

[ 2014-04-21T19:06:40+08:00 ] 127.0.0.1 /monitor/index.php/Home/Video/video
INFO: [ app_init ] --START--
INFO: Run Behavior\BuildLiteBehavior [ RunTime:0.000469s ]
INFO: [ app_init ] --END-- [ RunTime:0.003744s ]
INFO: [ app_begin ] --START--
INFO: Run Behavior\ReadHtmlCacheBehavior [ RunTime:0.002293s ]
INFO: [ app_begin ] --END-- [ RunTime:0.005088s ]
INFO: [ view_parse ] --START--
INFO: [ template_filter ] --START--
INFO: Run Behavior\ContentReplaceBehavior [ RunTime:0.001462s ]
INFO: [ template_filter ] --END-- [ RunTime:0.004056s ]
INFO: Run Behavior\ParseTemplateBehavior [ RunTime:0.053583s ]
INFO: [ view_parse ] --END-- [ RunTime:0.057457s ]
INFO: [ view_filter ] --START--
INFO: Run Behavior\WriteHtmlCacheBehavior [ RunTime:0.001763s ]
INFO: [ view_filter ] --END-- [ RunTime:0.004387s ]
INFO: [ app_end ] --START--
INFO: Run Behavior\ShowPageTraceBehavior [ RunTime:0.002052s ]
INFO: [ app_end ] --END-- [ RunTime:0.004600s ]

[ 2014-04-21T21:44:27+08:00 ] 127.0.0.1 /monitor/index.php/Home/Chart/chart
INFO: [ app_init ] --START--
INFO: Run Behavior\BuildLiteBehavior [ RunTime:0.000492s ]
INFO: [ app_init ] --END-- [ RunTime:0.003828s ]
INFO: [ app_begin ] --START--
INFO: Run Behavior\ReadHtmlCacheBehavior [ RunTime:0.002306s ]
INFO: [ app_begin ] --END-- [ RunTime:0.004902s ]
INFO: [ app_end ] --START--
INFO: Run Behavior\ShowPageTraceBehavior [ RunTime:0.011561s ]
INFO: [ app_end ] --END-- [ RunTime:0.015246s ]

[ 2014-04-21T21:44:38+08:00 ] 127.0.0.1 /monitor/index.php
INFO: [ app_init ] --START--
INFO: Run Behavior\BuildLiteBehavior [ RunTime:0.000583s ]
INFO: [ app_init ] --END-- [ RunTime:0.004321s ]
INFO: [ app_begin ] --START--
INFO: Run Behavior\ReadHtmlCacheBehavior [ RunTime:0.001963s ]
INFO: [ app_begin ] --END-- [ RunTime:0.004781s ]
INFO: [ view_parse ] --START--
INFO: [ template_filter ] --START--
INFO: Run Behavior\ContentReplaceBehavior [ RunTime:0.001388s ]
INFO: [ template_filter ] --END-- [ RunTime:0.004008s ]
INFO: Run Behavior\ParseTemplateBehavior [ RunTime:0.114618s ]
INFO: [ view_parse ] --END-- [ RunTime:0.117295s ]
INFO: [ view_filter ] --START--
INFO: Run Behavior\WriteHtmlCacheBehavior [ RunTime:0.001876s ]
INFO: [ view_filter ] --END-- [ RunTime:0.004536s ]
INFO: [ app_end ] --START--
INFO: Run Behavior\ShowPageTraceBehavior [ RunTime:0.002897s ]
INFO: [ app_end ] --END-- [ RunTime:0.006393s ]

[ 2014-04-21T21:44:43+08:00 ] 127.0.0.1 /monitor/index.php/Home/Chart/chart
INFO: [ app_init ] --START--
INFO: Run Behavior\BuildLiteBehavior [ RunTime:0.000599s ]
INFO: [ app_init ] --END-- [ RunTime:0.004716s ]
INFO: [ app_begin ] --START--
INFO: Run Behavior\ReadHtmlCacheBehavior [ RunTime:0.002097s ]
INFO: [ app_begin ] --END-- [ RunTime:0.004688s ]
INFO: [ app_end ] --START--
INFO: Run Behavior\ShowPageTraceBehavior [ RunTime:0.002341s ]
INFO: [ app_end ] --END-- [ RunTime:0.005121s ]

[ 2014-04-21T22:12:41+08:00 ] 127.0.0.1 /monitor/index.php
INFO: [ app_init ] --START--
INFO: Run Behavior\BuildLiteBehavior [ RunTime:0.000572s ]
INFO: [ app_init ] --END-- [ RunTime:0.004237s ]
INFO: [ app_begin ] --START--
INFO: Run Behavior\ReadHtmlCacheBehavior [ RunTime:0.002121s ]
INFO: [ app_begin ] --END-- [ RunTime:0.004748s ]
INFO: [ view_parse ] --START--
INFO: [ template_filter ] --START--
INFO: Run Behavior\ContentReplaceBehavior [ RunTime:0.001372s ]
INFO: [ template_filter ] --END-- [ RunTime:0.004020s ]
INFO: Run Behavior\ParseTemplateBehavior [ RunTime:0.060795s ]
INFO: [ view_parse ] --END-- [ RunTime:0.063447s ]
INFO: [ view_filter ] --START--
INFO: Run Behavior\WriteHtmlCacheBehavior [ RunTime:0.001998s ]
INFO: [ view_filter ] --END-- [ RunTime:0.004583s ]
INFO: [ app_end ] --START--
INFO: Run Behavior\ShowPageTraceBehavior [ RunTime:0.002263s ]
INFO: [ app_end ] --END-- [ RunTime:0.004917s ]

[ 2014-04-21T22:12:47+08:00 ] 127.0.0.1 /monitor/index.php/Home/Chart/chart
INFO: [ app_init ] --START--
INFO: Run Behavior\BuildLiteBehavior [ RunTime:0.000522s ]
INFO: [ app_init ] --END-- [ RunTime:0.003896s ]
INFO: [ app_begin ] --START--
INFO: Run Behavior\ReadHtmlCacheBehavior [ RunTime:0.002307s ]
INFO: [ app_begin ] --END-- [ RunTime:0.005455s ]
INFO: [ app_end ] --START--
INFO: Run Behavior\ShowPageTraceBehavior [ RunTime:0.002267s ]
INFO: [ app_end ] --END-- [ RunTime:0.004922s ]

[ 2014-04-21T22:13:02+08:00 ] 127.0.0.1 /monitor/index.php/Home/Video/video
INFO: [ app_init ] --START--
INFO: Run Behavior\BuildLiteBehavior [ RunTime:0.000518s ]
INFO: [ app_init ] --END-- [ RunTime:0.003990s ]
INFO: [ app_begin ] --START--
INFO: Run Behavior\ReadHtmlCacheBehavior [ RunTime:0.002148s ]
INFO: [ app_begin ] --END-- [ RunTime:0.005307s ]
INFO: [ view_parse ] --START--
INFO: [ template_filter ] --START--
INFO: Run Behavior\ContentReplaceBehavior [ RunTime:0.001553s ]
INFO: [ template_filter ] --END-- [ RunTime:0.004230s ]
INFO: Run Behavior\ParseTemplateBehavior [ RunTime:0.080295s ]
INFO: [ view_parse ] --END-- [ RunTime:0.083112s ]
INFO: [ view_filter ] --START--
INFO: Run Behavior\WriteHtmlCacheBehavior [ RunTime:0.001983s ]
INFO: [ view_filter ] --END-- [ RunTime:0.004571s ]
INFO: [ app_end ] --START--
INFO: Run Behavior\ShowPageTraceBehavior [ RunTime:0.002599s ]
INFO: [ app_end ] --END-- [ RunTime:0.005351s ]

[ 2014-04-21T22:18:09+08:00 ] 127.0.0.1 /monitor/index.php/Home/Video/video
INFO: [ app_init ] --START--
INFO: Run Behavior\BuildLiteBehavior [ RunTime:0.000477s ]
INFO: [ app_init ] --END-- [ RunTime:0.003732s ]
INFO: [ app_begin ] --START--
INFO: Run Behavior\ReadHtmlCacheBehavior [ RunTime:0.002168s ]
INFO: [ app_begin ] --END-- [ RunTime:0.004768s ]
INFO: [ view_parse ] --START--
INFO: [ template_filter ] --START--
INFO: Run Behavior\ContentReplaceBehavior [ RunTime:0.001464s ]
INFO: [ template_filter ] --END-- [ RunTime:0.004235s ]
INFO: Run Behavior\ParseTemplateBehavior [ RunTime:0.053069s ]
INFO: [ view_parse ] --END-- [ RunTime:0.055767s ]
INFO: [ view_filter ] --START--
INFO: Run Behavior\WriteHtmlCacheBehavior [ RunTime:0.001830s ]
INFO: [ view_filter ] --END-- [ RunTime:0.004407s ]
INFO: [ app_end ] --START--
INFO: Run Behavior\ShowPageTraceBehavior [ RunTime:0.002151s ]
INFO: [ app_end ] --END-- [ RunTime:0.004721s ]

[ 2014-04-21T22:31:09+08:00 ] 127.0.0.1 /monitor/index.php/Home/Video/video
INFO: [ app_init ] --START--
INFO: Run Behavior\BuildLiteBehavior [ RunTime:0.000644s ]
INFO: [ app_init ] --END-- [ RunTime:0.005125s ]
INFO: [ app_begin ] --START--
INFO: Run Behavior\ReadHtmlCacheBehavior [ RunTime:0.002294s ]
INFO: [ app_begin ] --END-- [ RunTime:0.004997s ]
INFO: [ view_parse ] --START--
INFO: [ template_filter ] --START--
INFO: Run Behavior\ContentReplaceBehavior [ RunTime:0.001521s ]
INFO: [ template_filter ] --END-- [ RunTime:0.004314s ]
INFO: Run Behavior\ParseTemplateBehavior [ RunTime:0.055799s ]
INFO: [ view_parse ] --END-- [ RunTime:0.058505s ]
INFO: [ view_filter ] --START--
INFO: Run Behavior\WriteHtmlCacheBehavior [ RunTime:0.001796s ]
INFO: [ view_filter ] --END-- [ RunTime:0.004389s ]
INFO: [ app_end ] --START--
INFO: Run Behavior\ShowPageTraceBehavior [ RunTime:0.006468s ]
INFO: [ app_end ] --END-- [ RunTime:0.011204s ]

[ 2014-04-21T22:33:26+08:00 ] 127.0.0.1 /monitor/index.php/Home/Video/video
INFO: [ app_init ] --START--
INFO: Run Behavior\BuildLiteBehavior [ RunTime:0.000567s ]
INFO: [ app_init ] --END-- [ RunTime:0.004077s ]
INFO: [ app_begin ] --START--
INFO: Run Behavior\ReadHtmlCacheBehavior [ RunTime:0.002166s ]
INFO: [ app_begin ] --END-- [ RunTime:0.004767s ]
INFO: [ view_parse ] --START--
INFO: [ template_filter ] --START--
INFO: Run Behavior\ContentReplaceBehavior [ RunTime:0.001491s ]
INFO: [ template_filter ] --END-- [ RunTime:0.004174s ]
INFO: Run Behavior\ParseTemplateBehavior [ RunTime:0.053502s ]
INFO: [ view_parse ] --END-- [ RunTime:0.056097s ]
INFO: [ view_filter ] --START--
INFO: Run Behavior\WriteHtmlCacheBehavior [ RunTime:0.001745s ]
INFO: [ view_filter ] --END-- [ RunTime:0.004464s ]
INFO: [ app_end ] --START--
INFO: Run Behavior\ShowPageTraceBehavior [ RunTime:0.002130s ]
INFO: [ app_end ] --END-- [ RunTime:0.004862s ]

[ 2014-04-21T22:35:32+08:00 ] 127.0.0.1 /monitor/index.php/Home/Video/video
INFO: [ app_init ] --START--
INFO: Run Behavior\BuildLiteBehavior [ RunTime:0.000513s ]
INFO: [ app_init ] --END-- [ RunTime:0.003976s ]
INFO: [ app_begin ] --START--
INFO: Run Behavior\ReadHtmlCacheBehavior [ RunTime:0.002214s ]
INFO: [ app_begin ] --END-- [ RunTime:0.004936s ]
INFO: [ view_parse ] --START--
INFO: [ template_filter ] --START--
INFO: Run Behavior\ContentReplaceBehavior [ RunTime:0.001534s ]
INFO: [ template_filter ] --END-- [ RunTime:0.004347s ]
INFO: Run Behavior\ParseTemplateBehavior [ RunTime:0.054779s ]
INFO: [ view_parse ] --END-- [ RunTime:0.057657s ]
INFO: [ view_filter ] --START--
INFO: Run Behavior\WriteHtmlCacheBehavior [ RunTime:0.001954s ]
INFO: [ view_filter ] --END-- [ RunTime:0.004576s ]
INFO: [ app_end ] --START--
INFO: Run Behavior\ShowPageTraceBehavior [ RunTime:0.002169s ]
INFO: [ app_end ] --END-- [ RunTime:0.004904s ]

[ 2014-04-21T22:38:11+08:00 ] 127.0.0.1 /monitor/index.php/Home/Video/video
INFO: [ app_init ] --START--
INFO: Run Behavior\BuildLiteBehavior [ RunTime:0.000548s ]
INFO: [ app_init ] --END-- [ RunTime:0.004694s ]
INFO: [ app_begin ] --START--
INFO: Run Behavior\ReadHtmlCacheBehavior [ RunTime:0.002239s ]
INFO: [ app_begin ] --END-- [ RunTime:0.004879s ]
INFO: [ view_parse ] --START--
INFO: [ template_filter ] --START--
INFO: Run Behavior\ContentReplaceBehavior [ RunTime:0.001532s ]
INFO: [ template_filter ] --END-- [ RunTime:0.004234s ]
INFO: Run Behavior\ParseTemplateBehavior [ RunTime:0.054492s ]
INFO: [ view_parse ] --END-- [ RunTime:0.057537s ]
INFO: [ view_filter ] --START--
INFO: Run Behavior\WriteHtmlCacheBehavior [ RunTime:0.002234s ]
INFO: [ view_filter ] --END-- [ RunTime:0.004973s ]
INFO: [ app_end ] --START--
INFO: Run Behavior\ShowPageTraceBehavior [ RunTime:0.002071s ]
INFO: [ app_end ] --END-- [ RunTime:0.004649s ]

[ 2014-04-21T22:38:31+08:00 ] 127.0.0.1 /monitor/index.php/Home/Video/video
INFO: [ app_init ] --START--
INFO: Run Behavior\BuildLiteBehavior [ RunTime:0.000582s ]
INFO: [ app_init ] --END-- [ RunTime:0.004581s ]
INFO: [ app_begin ] --START--
INFO: Run Behavior\ReadHtmlCacheBehavior [ RunTime:0.001959s ]
INFO: [ app_begin ] --END-- [ RunTime:0.004743s ]
INFO: [ view_parse ] --START--
INFO: [ template_filter ] --START--
INFO: Run Behavior\ContentReplaceBehavior [ RunTime:0.002299s ]
INFO: [ template_filter ] --END-- [ RunTime:0.004976s ]
INFO: Run Behavior\ParseTemplateBehavior [ RunTime:0.053758s ]
INFO: [ view_parse ] --END-- [ RunTime:0.056579s ]
INFO: [ view_filter ] --START--
INFO: Run Behavior\WriteHtmlCacheBehavior [ RunTime:0.001700s ]
INFO: [ view_filter ] --END-- [ RunTime:0.004399s ]
INFO: [ app_end ] --START--
INFO: Run Behavior\ShowPageTraceBehavior [ RunTime:0.002174s ]
INFO: [ app_end ] --END-- [ RunTime:0.004851s ]

[ 2014-04-21T22:38:50+08:00 ] 127.0.0.1 /monitor/index.php/Home/Video/video
INFO: [ app_init ] --START--
INFO: Run Behavior\BuildLiteBehavior [ RunTime:0.000497s ]
INFO: [ app_init ] --END-- [ RunTime:0.003859s ]
INFO: [ app_begin ] --START--
INFO: Run Behavior\ReadHtmlCacheBehavior [ RunTime:0.002309s ]
INFO: [ app_begin ] --END-- [ RunTime:0.004968s ]
INFO: [ view_parse ] --START--
INFO: [ template_filter ] --START--
INFO: Run Behavior\ContentReplaceBehavior [ RunTime:0.001516s ]
INFO: [ template_filter ] --END-- [ RunTime:0.004540s ]
INFO: Run Behavior\ParseTemplateBehavior [ RunTime:0.053307s ]
INFO: [ view_parse ] --END-- [ RunTime:0.056137s ]
INFO: [ view_filter ] --START--
INFO: Run Behavior\WriteHtmlCacheBehavior [ RunTime:0.001627s ]
INFO: [ view_filter ] --END-- [ RunTime:0.004248s ]
INFO: [ app_end ] --START--
INFO: Run Behavior\ShowPageTraceBehavior [ RunTime:0.001989s ]
INFO: [ app_end ] --END-- [ RunTime:0.004560s ]

[ 2014-04-21T22:38:57+08:00 ] 127.0.0.1 /monitor/index.php/Home/Video/video
INFO: [ app_init ] --START--
INFO: Run Behavior\BuildLiteBehavior [ RunTime:0.000480s ]
INFO: [ app_init ] --END-- [ RunTime:0.003658s ]
INFO: [ app_begin ] --START--
INFO: Run Behavior\ReadHtmlCacheBehavior [ RunTime:0.002070s ]
INFO: [ app_begin ] --END-- [ RunTime:0.004923s ]
INFO: [ view_parse ] --START--
INFO: [ template_filter ] --START--
INFO: Run Behavior\ContentReplaceBehavior [ RunTime:0.001499s ]
INFO: [ template_filter ] --END-- [ RunTime:0.004184s ]
INFO: Run Behavior\ParseTemplateBehavior [ RunTime:0.052191s ]
INFO: [ view_parse ] --END-- [ RunTime:0.054838s ]
INFO: [ view_filter ] --START--
INFO: Run Behavior\WriteHtmlCacheBehavior [ RunTime:0.002563s ]
INFO: [ view_filter ] --END-- [ RunTime:0.005178s ]
INFO: [ app_end ] --START--
INFO: Run Behavior\ShowPageTraceBehavior [ RunTime:0.001937s ]
INFO: [ app_end ] --END-- [ RunTime:0.004487s ]

[ 2014-04-21T22:39:04+08:00 ] 127.0.0.1 /monitor/index.php/Home/Video/video
INFO: [ app_init ] --START--
INFO: Run Behavior\BuildLiteBehavior [ RunTime:0.000505s ]
INFO: [ app_init ] --END-- [ RunTime:0.004095s ]
INFO: [ app_begin ] --START--
INFO: Run Behavior\ReadHtmlCacheBehavior [ RunTime:0.002041s ]
INFO: [ app_begin ] --END-- [ RunTime:0.004693s ]
INFO: [ view_parse ] --START--
INFO: [ template_filter ] --START--
INFO: Run Behavior\ContentReplaceBehavior [ RunTime:0.001492s ]
INFO: [ template_filter ] --END-- [ RunTime:0.004214s ]
INFO: Run Behavior\ParseTemplateBehavior [ RunTime:0.054235s ]
INFO: [ view_parse ] --END-- [ RunTime:0.057251s ]
INFO: [ view_filter ] --START--
INFO: Run Behavior\WriteHtmlCacheBehavior [ RunTime:0.001719s ]
INFO: [ view_filter ] --END-- [ RunTime:0.004401s ]
INFO: [ app_end ] --START--
INFO: Run Behavior\ShowPageTraceBehavior [ RunTime:0.001997s ]
INFO: [ app_end ] --END-- [ RunTime:0.004578s ]

[ 2014-04-21T22:39:09+08:00 ] 127.0.0.1 /monitor/index.php/Home/Video/video
INFO: [ app_init ] --START--
INFO: Run Behavior\BuildLiteBehavior [ RunTime:0.000546s ]
INFO: [ app_init ] --END-- [ RunTime:0.004206s ]
INFO: [ app_begin ] --START--
INFO: Run Behavior\ReadHtmlCacheBehavior [ RunTime:0.002024s ]
INFO: [ app_begin ] --END-- [ RunTime:0.004863s ]
INFO: [ view_parse ] --START--
INFO: [ template_filter ] --START--
INFO: Run Behavior\ContentReplaceBehavior [ RunTime:0.001498s ]
INFO: [ template_filter ] --END-- [ RunTime:0.004201s ]
INFO: Run Behavior\ParseTemplateBehavior [ RunTime:0.053196s ]
INFO: [ view_parse ] --END-- [ RunTime:0.056008s ]
INFO: [ view_filter ] --START--
INFO: Run Behavior\WriteHtmlCacheBehavior [ RunTime:0.001640s ]
INFO: [ view_filter ] --END-- [ RunTime:0.004378s ]
INFO: [ app_end ] --START--
INFO: Run Behavior\ShowPageTraceBehavior [ RunTime:0.002171s ]
INFO: [ app_end ] --END-- [ RunTime:0.004928s ]

[ 2014-04-21T22:41:14+08:00 ] 127.0.0.1 /monitor/index.php/Home/Video/video
INFO: [ app_init ] --START--
INFO: Run Behavior\BuildLiteBehavior [ RunTime:0.000663s ]
INFO: [ app_init ] --END-- [ RunTime:0.004985s ]
INFO: [ app_begin ] --START--
INFO: Run Behavior\ReadHtmlCacheBehavior [ RunTime:0.002155s ]
INFO: [ app_begin ] --END-- [ RunTime:0.004783s ]
INFO: [ view_parse ] --START--
INFO: [ template_filter ] --START--
INFO: Run Behavior\ContentReplaceBehavior [ RunTime:0.001348s ]
INFO: [ template_filter ] --END-- [ RunTime:0.003952s ]
INFO: Run Behavior\ParseTemplateBehavior [ RunTime:0.043236s ]
INFO: [ view_parse ] --END-- [ RunTime:0.045961s ]
INFO: [ view_filter ] --START--
INFO: Run Behavior\WriteHtmlCacheBehavior [ RunTime:0.002336s ]
INFO: [ view_filter ] --END-- [ RunTime:0.005081s ]
INFO: [ app_end ] --START--
INFO: Run Behavior\ShowPageTraceBehavior [ RunTime:0.002063s ]
INFO: [ app_end ] --END-- [ RunTime:0.004702s ]

[ 2014-04-21T22:41:30+08:00 ] 127.0.0.1 /monitor/index.php/Home/Video/video
INFO: [ app_init ] --START--
INFO: Run Behavior\BuildLiteBehavior [ RunTime:0.000493s ]
INFO: [ app_init ] --END-- [ RunTime:0.003886s ]
INFO: [ app_begin ] --START--
INFO: Run Behavior\ReadHtmlCacheBehavior [ RunTime:0.001973s ]
INFO: [ app_begin ] --END-- [ RunTime:0.004718s ]
INFO: [ view_parse ] --START--
INFO: [ template_filter ] --START--
INFO: Run Behavior\ContentReplaceBehavior [ RunTime:0.001343s ]
INFO: [ template_filter ] --END-- [ RunTime:0.004013s ]
INFO: Run Behavior\ParseTemplateBehavior [ RunTime:0.042827s ]
INFO: [ view_parse ] --END-- [ RunTime:0.045465s ]
INFO: [ view_filter ] --START--
INFO: Run Behavior\WriteHtmlCacheBehavior [ RunTime:0.001592s ]
INFO: [ view_filter ] --END-- [ RunTime:0.004237s ]
INFO: [ app_end ] --START--
INFO: Run Behavior\ShowPageTraceBehavior [ RunTime:0.002003s ]
INFO: [ app_end ] --END-- [ RunTime:0.004585s ]

[ 2014-04-21T22:42:05+08:00 ] 127.0.0.1 /monitor/index.php/Home/Video/video
INFO: [ app_init ] --START--
INFO: Run Behavior\BuildLiteBehavior [ RunTime:0.000501s ]
INFO: [ app_init ] --END-- [ RunTime:0.003821s ]
INFO: [ app_begin ] --START--
INFO: Run Behavior\ReadHtmlCacheBehavior [ RunTime:0.002000s ]
INFO: [ app_begin ] --END-- [ RunTime:0.004663s ]
INFO: [ view_parse ] --START--
INFO: [ template_filter ] --START--
INFO: Run Behavior\ContentReplaceBehavior [ RunTime:0.001327s ]
INFO: [ template_filter ] --END-- [ RunTime:0.003927s ]
INFO: Run Behavior\ParseTemplateBehavior [ RunTime:0.042378s ]
INFO: [ view_parse ] --END-- [ RunTime:0.045071s ]
INFO: [ view_filter ] --START--
INFO: Run Behavior\WriteHtmlCacheBehavior [ RunTime:0.001640s ]
INFO: [ view_filter ] --END-- [ RunTime:0.004257s ]
INFO: [ app_end ] --START--
INFO: Run Behavior\ShowPageTraceBehavior [ RunTime:0.001998s ]
INFO: [ app_end ] --END-- [ RunTime:0.004834s ]

[ 2014-04-21T22:43:22+08:00 ] 127.0.0.1 /monitor/index.php/Home/Video/video
INFO: [ app_init ] --START--
INFO: Run Behavior\BuildLiteBehavior [ RunTime:0.000507s ]
INFO: [ app_init ] --END-- [ RunTime:0.004119s ]
INFO: [ app_begin ] --START--
INFO: Run Behavior\ReadHtmlCacheBehavior [ RunTime:0.002226s ]
INFO: [ app_begin ] --END-- [ RunTime:0.004923s ]
INFO: [ view_parse ] --START--
INFO: [ template_filter ] --START--
INFO: Run Behavior\ContentReplaceBehavior [ RunTime:0.001346s ]
INFO: [ template_filter ] --END-- [ RunTime:0.004005s ]
INFO: Run Behavior\ParseTemplateBehavior [ RunTime:0.045294s ]
INFO: [ view_parse ] --END-- [ RunTime:0.047962s ]
INFO: [ view_filter ] --START--
INFO: Run Behavior\WriteHtmlCacheBehavior [ RunTime:0.002018s ]
INFO: [ view_filter ] --END-- [ RunTime:0.004764s ]
INFO: [ app_end ] --START--
INFO: Run Behavior\ShowPageTraceBehavior [ RunTime:0.002260s ]
INFO: [ app_end ] --END-- [ RunTime:0.004826s ]

[ 2014-04-21T22:43:42+08:00 ] 127.0.0.1 /monitor/index.php/Home/Video/video
INFO: [ app_init ] --START--
INFO: Run Behavior\BuildLiteBehavior [ RunTime:0.000479s ]
INFO: [ app_init ] --END-- [ RunTime:0.003877s ]
INFO: [ app_begin ] --START--
INFO: Run Behavior\ReadHtmlCacheBehavior [ RunTime:0.003016s ]
INFO: [ app_begin ] --END-- [ RunTime:0.005854s ]
INFO: [ view_parse ] --START--
INFO: [ template_filter ] --START--
INFO: Run Behavior\ContentReplaceBehavior [ RunTime:0.001354s ]
INFO: [ template_filter ] --END-- [ RunTime:0.004093s ]
INFO: Run Behavior\ParseTemplateBehavior [ RunTime:0.046142s ]
INFO: [ view_parse ] --END-- [ RunTime:0.049050s ]
INFO: [ view_filter ] --START--
INFO: Run Behavior\WriteHtmlCacheBehavior [ RunTime:0.002087s ]
INFO: [ view_filter ] --END-- [ RunTime:0.006072s ]
INFO: [ app_end ] --START--
INFO: Run Behavior\ShowPageTraceBehavior [ RunTime:0.002402s ]
INFO: [ app_end ] --END-- [ RunTime:0.005047s ]

[ 2014-04-21T22:47:23+08:00 ] 127.0.0.1 /monitor/index.php
INFO: [ app_init ] --START--
INFO: Run Behavior\BuildLiteBehavior [ RunTime:0.000540s ]
INFO: [ app_init ] --END-- [ RunTime:0.004166s ]
INFO: [ app_begin ] --START--
INFO: Run Behavior\ReadHtmlCacheBehavior [ RunTime:0.002252s ]
INFO: [ app_begin ] --END-- [ RunTime:0.004947s ]
INFO: [ view_parse ] --START--
INFO: [ template_filter ] --START--
INFO: Run Behavior\ContentReplaceBehavior [ RunTime:0.001588s ]
INFO: [ template_filter ] --END-- [ RunTime:0.004487s ]
INFO: Run Behavior\ParseTemplateBehavior [ RunTime:0.060461s ]
INFO: [ view_parse ] --END-- [ RunTime:0.063178s ]
INFO: [ view_filter ] --START--
INFO: Run Behavior\WriteHtmlCacheBehavior [ RunTime:0.001766s ]
INFO: [ view_filter ] --END-- [ RunTime:0.004438s ]
INFO: [ app_end ] --START--
INFO: Run Behavior\ShowPageTraceBehavior [ RunTime:0.002152s ]
INFO: [ app_end ] --END-- [ RunTime:0.004791s ]

[ 2014-04-21T22:47:29+08:00 ] 127.0.0.1 /monitor/index.php/Home/Chart/chart
INFO: [ app_init ] --START--
INFO: Run Behavior\BuildLiteBehavior [ RunTime:0.000863s ]
INFO: [ app_init ] --END-- [ RunTime:0.007498s ]
INFO: [ app_begin ] --START--
INFO: Run Behavior\ReadHtmlCacheBehavior [ RunTime:0.003228s ]
INFO: [ app_begin ] --END-- [ RunTime:0.007357s ]
INFO: [ app_end ] --START--
INFO: Run Behavior\ShowPageTraceBehavior [ RunTime:0.004017s ]
INFO: [ app_end ] --END-- [ RunTime:0.008234s ]

[ 2014-04-21T22:49:21+08:00 ] 127.0.0.1 /monitor/index.php
INFO: [ app_init ] --START--
INFO: Run Behavior\BuildLiteBehavior [ RunTime:0.000492s ]
INFO: [ app_init ] --END-- [ RunTime:0.005284s ]
INFO: [ app_begin ] --START--
INFO: Run Behavior\ReadHtmlCacheBehavior [ RunTime:0.002122s ]
INFO: [ app_begin ] --END-- [ RunTime:0.004944s ]
INFO: [ view_parse ] --START--
INFO: [ template_filter ] --START--
INFO: Run Behavior\ContentReplaceBehavior [ RunTime:0.001842s ]
INFO: [ template_filter ] --END-- [ RunTime:0.004870s ]
INFO: Run Behavior\ParseTemplateBehavior [ RunTime:0.064379s ]
INFO: [ view_parse ] --END-- [ RunTime:0.067914s ]
INFO: [ view_filter ] --START--
INFO: Run Behavior\WriteHtmlCacheBehavior [ RunTime:0.001638s ]
INFO: [ view_filter ] --END-- [ RunTime:0.004294s ]
INFO: [ app_end ] --START--
INFO: Run Behavior\ShowPageTraceBehavior [ RunTime:0.002129s ]
INFO: [ app_end ] --END-- [ RunTime:0.005706s ]

[ 2014-04-21T22:49:26+08:00 ] 127.0.0.1 /monitor/index.php/Home/Chart/chart
INFO: [ app_init ] --START--
INFO: Run Behavior\BuildLiteBehavior [ RunTime:0.000830s ]
INFO: [ app_init ] --END-- [ RunTime:0.006994s ]
INFO: [ app_begin ] --START--
INFO: Run Behavior\ReadHtmlCacheBehavior [ RunTime:0.003209s ]
INFO: [ app_begin ] --END-- [ RunTime:0.007206s ]
INFO: [ app_end ] --START--
INFO: Run Behavior\ShowPageTraceBehavior [ RunTime:0.002933s ]
INFO: [ app_end ] --END-- [ RunTime:0.006912s ]

[ 2014-04-21T22:50:43+08:00 ] 127.0.0.1 /monitor/index.php
INFO: [ app_init ] --START--
INFO: Run Behavior\BuildLiteBehavior [ RunTime:0.000478s ]
INFO: [ app_init ] --END-- [ RunTime:0.003695s ]
INFO: [ app_begin ] --START--
INFO: Run Behavior\ReadHtmlCacheBehavior [ RunTime:0.002495s ]
INFO: [ app_begin ] --END-- [ RunTime:0.005343s ]
INFO: [ view_parse ] --START--
INFO: [ template_filter ] --START--
INFO: Run Behavior\ContentReplaceBehavior [ RunTime:0.001358s ]
INFO: [ template_filter ] --END-- [ RunTime:0.004018s ]
INFO: Run Behavior\ParseTemplateBehavior [ RunTime:0.061400s ]
INFO: [ view_parse ] --END-- [ RunTime:0.064128s ]
INFO: [ view_filter ] --START--
INFO: Run Behavior\WriteHtmlCacheBehavior [ RunTime:0.003118s ]
INFO: [ view_filter ] --END-- [ RunTime:0.005854s ]
INFO: [ app_end ] --START--
INFO: Run Behavior\ShowPageTraceBehavior [ RunTime:0.002110s ]
INFO: [ app_end ] --END-- [ RunTime:0.005057s ]

[ 2014-04-21T22:50:48+08:00 ] 127.0.0.1 /monitor/index.php/Home/Chart/chart
INFO: [ app_init ] --START--
INFO: Run Behavior\BuildLiteBehavior [ RunTime:0.000508s ]
INFO: [ app_init ] --END-- [ RunTime:0.003820s ]
INFO: [ app_begin ] --START--
INFO: Run Behavior\ReadHtmlCacheBehavior [ RunTime:0.002116s ]
INFO: [ app_begin ] --END-- [ RunTime:0.004828s ]
INFO: [ app_end ] --START--
INFO: Run Behavior\ShowPageTraceBehavior [ RunTime:0.002141s ]
INFO: [ app_end ] --END-- [ RunTime:0.004770s ]

[ 2014-04-21T22:52:13+08:00 ] 127.0.0.1 /monitor/index.php
INFO: [ app_init ] --START--
INFO: Run Behavior\BuildLiteBehavior [ RunTime:0.000980s ]
INFO: [ app_init ] --END-- [ RunTime:0.005833s ]
INFO: [ app_begin ] --START--
INFO: Run Behavior\ReadHtmlCacheBehavior [ RunTime:0.002233s ]
INFO: [ app_begin ] --END-- [ RunTime:0.005123s ]
INFO: [ view_parse ] --START--
INFO: [ template_filter ] --START--
INFO: Run Behavior\ContentReplaceBehavior [ RunTime:0.001377s ]
INFO: [ template_filter ] --END-- [ RunTime:0.004390s ]
INFO: Run Behavior\ParseTemplateBehavior [ RunTime:0.062659s ]
INFO: [ view_parse ] --END-- [ RunTime:0.066620s ]
INFO: [ view_filter ] --START--
INFO: Run Behavior\WriteHtmlCacheBehavior [ RunTime:0.001760s ]
INFO: [ view_filter ] --END-- [ RunTime:0.004388s ]
INFO: [ app_end ] --START--
INFO: Run Behavior\ShowPageTraceBehavior [ RunTime:0.002650s ]
INFO: [ app_end ] --END-- [ RunTime:0.005465s ]

[ 2014-04-21T22:52:31+08:00 ] 127.0.0.1 /monitor/index.php/Home/Chart/chart
INFO: [ app_init ] --START--
INFO: Run Behavior\BuildLiteBehavior [ RunTime:0.000860s ]
INFO: [ app_init ] --END-- [ RunTime:0.006627s ]
INFO: [ app_begin ] --START--
INFO: Run Behavior\ReadHtmlCacheBehavior [ RunTime:0.003953s ]
INFO: [ app_begin ] --END-- [ RunTime:0.009341s ]
INFO: [ app_end ] --START--
INFO: Run Behavior\ShowPageTraceBehavior [ RunTime:0.003128s ]
INFO: [ app_end ] --END-- [ RunTime:0.007012s ]

[ 2014-04-21T22:52:33+08:00 ] 127.0.0.1 /monitor/index.php
INFO: [ app_init ] --START--
INFO: Run Behavior\BuildLiteBehavior [ RunTime:0.001857s ]
INFO: [ app_init ] --END-- [ RunTime:0.013322s ]
INFO: [ app_begin ] --START--
INFO: Run Behavior\ReadHtmlCacheBehavior [ RunTime:0.004984s ]
INFO: [ app_begin ] --END-- [ RunTime:0.011476s ]
INFO: [ view_parse ] --START--
INFO: [ template_filter ] --START--
INFO: Run Behavior\ContentReplaceBehavior [ RunTime:0.001377s ]
INFO: [ template_filter ] --END-- [ RunTime:0.004174s ]
INFO: Run Behavior\ParseTemplateBehavior [ RunTime:0.067054s ]
INFO: [ view_parse ] --END-- [ RunTime:0.071129s ]
INFO: [ view_filter ] --START--
INFO: Run Behavior\WriteHtmlCacheBehavior [ RunTime:0.001782s ]
INFO: [ view_filter ] --END-- [ RunTime:0.004454s ]
INFO: [ app_end ] --START--
INFO: Run Behavior\ShowPageTraceBehavior [ RunTime:0.001978s ]
INFO: [ app_end ] --END-- [ RunTime:0.004706s ]

[ 2014-04-21T22:52:42+08:00 ] 127.0.0.1 /monitor/index.php/Home/Chart/chart
INFO: [ app_init ] --START--
INFO: Run Behavior\BuildLiteBehavior [ RunTime:0.000544s ]
INFO: [ app_init ] --END-- [ RunTime:0.005719s ]
INFO: [ app_begin ] --START--
INFO: Run Behavior\ReadHtmlCacheBehavior [ RunTime:0.003057s ]
INFO: [ app_begin ] --END-- [ RunTime:0.007513s ]
INFO: [ app_end ] --START--
INFO: Run Behavior\ShowPageTraceBehavior [ RunTime:0.008692s ]
INFO: [ app_end ] --END-- [ RunTime:0.019572s ]

[ 2014-04-21T22:52:48+08:00 ] 127.0.0.1 /monitor/index.php
INFO: [ app_init ] --START--
INFO: Run Behavior\BuildLiteBehavior [ RunTime:0.000506s ]
INFO: [ app_init ] --END-- [ RunTime:0.003917s ]
INFO: [ app_begin ] --START--
INFO: Run Behavior\ReadHtmlCacheBehavior [ RunTime:0.002199s ]
INFO: [ app_begin ] --END-- [ RunTime:0.005525s ]
INFO: [ view_parse ] --START--
INFO: [ template_filter ] --START--
INFO: Run Behavior\ContentReplaceBehavior [ RunTime:0.001368s ]
INFO: [ template_filter ] --END-- [ RunTime:0.004022s ]
INFO: Run Behavior\ParseTemplateBehavior [ RunTime:0.063087s ]
INFO: [ view_parse ] --END-- [ RunTime:0.066031s ]
INFO: [ view_filter ] --START--
INFO: Run Behavior\WriteHtmlCacheBehavior [ RunTime:0.002194s ]
INFO: [ view_filter ] --END-- [ RunTime:0.005640s ]
INFO: [ app_end ] --START--
INFO: Run Behavior\ShowPageTraceBehavior [ RunTime:0.002395s ]
INFO: [ app_end ] --END-- [ RunTime:0.004997s ]

[ 2014-04-21T22:52:53+08:00 ] 127.0.0.1 /monitor/index.php/Home/Chart/chart
INFO: [ app_init ] --START--
INFO: Run Behavior\BuildLiteBehavior [ RunTime:0.000607s ]
INFO: [ app_init ] --END-- [ RunTime:0.004093s ]
INFO: [ app_begin ] --START--
INFO: Run Behavior\ReadHtmlCacheBehavior [ RunTime:0.002110s ]
INFO: [ app_begin ] --END-- [ RunTime:0.004717s ]
INFO: [ app_end ] --START--
INFO: Run Behavior\ShowPageTraceBehavior [ RunTime:0.002256s ]
INFO: [ app_end ] --END-- [ RunTime:0.004867s ]

[ 2014-04-21T22:55:23+08:00 ] 127.0.0.1 /monitor/index.php
INFO: [ app_init ] --START--
INFO: Run Behavior\BuildLiteBehavior [ RunTime:0.000874s ]
INFO: [ app_init ] --END-- [ RunTime:0.004944s ]
INFO: [ app_begin ] --START--
INFO: Run Behavior\ReadHtmlCacheBehavior [ RunTime:0.002449s ]
INFO: [ app_begin ] --END-- [ RunTime:0.005227s ]
INFO: [ view_parse ] --START--
INFO: [ template_filter ] --START--
INFO: Run Behavior\ContentReplaceBehavior [ RunTime:0.001420s ]
INFO: [ template_filter ] --END-- [ RunTime:0.004341s ]
INFO: Run Behavior\ParseTemplateBehavior [ RunTime:0.062349s ]
INFO: [ view_parse ] --END-- [ RunTime:0.065086s ]
INFO: [ view_filter ] --START--
INFO: Run Behavior\WriteHtmlCacheBehavior [ RunTime:0.001928s ]
INFO: [ view_filter ] --END-- [ RunTime:0.004553s ]
INFO: [ app_end ] --START--
INFO: Run Behavior\ShowPageTraceBehavior [ RunTime:0.002429s ]
INFO: [ app_end ] --END-- [ RunTime:0.006429s ]

[ 2014-04-21T22:55:30+08:00 ] 127.0.0.1 /monitor/index.php/Home/Chart/chart
INFO: [ app_init ] --START--
INFO: Run Behavior\BuildLiteBehavior [ RunTime:0.000719s ]
INFO: [ app_init ] --END-- [ RunTime:0.005435s ]
INFO: [ app_begin ] --START--
INFO: Run Behavior\ReadHtmlCacheBehavior [ RunTime:0.002790s ]
INFO: [ app_begin ] --END-- [ RunTime:0.006679s ]
INFO: [ app_end ] --START--
INFO: Run Behavior\ShowPageTraceBehavior [ RunTime:0.003126s ]
INFO: [ app_end ] --END-- [ RunTime:0.006927s ]

