[ 2014-04-22T09:00:25+08:00 ] 127.0.0.1 /monitor/index.php
INFO: [ app_init ] --START--
INFO: Run Behavior\BuildLiteBehavior [ RunTime:0.000559s ]
INFO: [ app_init ] --END-- [ RunTime:0.004407s ]
INFO: [ app_begin ] --START--
INFO: Run Behavior\ReadHtmlCacheBehavior [ RunTime:0.002305s ]
INFO: [ app_begin ] --END-- [ RunTime:0.005228s ]
INFO: [ view_parse ] --START--
INFO: [ template_filter ] --START--
INFO: Run Behavior\ContentReplaceBehavior [ RunTime:0.001374s ]
INFO: [ template_filter ] --END-- [ RunTime:0.004272s ]
INFO: Run Behavior\ParseTemplateBehavior [ RunTime:0.070569s ]
INFO: [ view_parse ] --END-- [ RunTime:0.073180s ]
INFO: [ view_filter ] --START--
INFO: Run Behavior\WriteHtmlCacheBehavior [ RunTime:0.001978s ]
INFO: [ view_filter ] --END-- [ RunTime:0.005252s ]
INFO: [ app_end ] --START--
INFO: Run Behavior\ShowPageTraceBehavior [ RunTime:0.002273s ]
INFO: [ app_end ] --END-- [ RunTime:0.004857s ]

[ 2014-04-22T09:00:31+08:00 ] 127.0.0.1 /monitor/index.php/Home/Chart/chart
INFO: [ app_init ] --START--
INFO: Run Behavior\BuildLiteBehavior [ RunTime:0.000527s ]
INFO: [ app_init ] --END-- [ RunTime:0.004128s ]
INFO: [ app_begin ] --START--
INFO: Run Behavior\ReadHtmlCacheBehavior [ RunTime:0.002565s ]
INFO: [ app_begin ] --END-- [ RunTime:0.005261s ]
INFO: [ app_end ] --START--
INFO: Run Behavior\ShowPageTraceBehavior [ RunTime:0.002635s ]
INFO: [ app_end ] --END-- [ RunTime:0.005354s ]

[ 2014-04-22T12:28:45+08:00 ] 127.0.0.1 /monitor/index.php/Home/Video/video
INFO: [ app_init ] --START--
INFO: Run Behavior\BuildLiteBehavior [ RunTime:0.000486s ]
INFO: [ app_init ] --END-- [ RunTime:0.003922s ]
INFO: [ app_begin ] --START--
INFO: Run Behavior\ReadHtmlCacheBehavior [ RunTime:0.043778s ]
INFO: [ app_begin ] --END-- [ RunTime:0.046460s ]
INFO: [ view_parse ] --START--
INFO: [ template_filter ] --START--
INFO: Run Behavior\ContentReplaceBehavior [ RunTime:0.001389s ]
INFO: [ template_filter ] --END-- [ RunTime:0.004015s ]
INFO: Run Behavior\ParseTemplateBehavior [ RunTime:0.044373s ]
INFO: [ view_parse ] --END-- [ RunTime:0.047084s ]
INFO: [ view_filter ] --START--
INFO: Run Behavior\WriteHtmlCacheBehavior [ RunTime:0.001848s ]
INFO: [ view_filter ] --END-- [ RunTime:0.004533s ]
INFO: [ app_end ] --START--
INFO: Run Behavior\ShowPageTraceBehavior [ RunTime:0.002121s ]
INFO: [ app_end ] --END-- [ RunTime:0.004757s ]

[ 2014-04-22T12:28:56+08:00 ] 127.0.0.1 /monitor/index.php
INFO: [ app_init ] --START--
INFO: Run Behavior\BuildLiteBehavior [ RunTime:0.000490s ]
INFO: [ app_init ] --END-- [ RunTime:0.004053s ]
INFO: [ app_begin ] --START--
INFO: Run Behavior\ReadHtmlCacheBehavior [ RunTime:0.001983s ]
INFO: [ app_begin ] --END-- [ RunTime:0.004762s ]
INFO: [ view_parse ] --START--
INFO: [ template_filter ] --START--
INFO: Run Behavior\ContentReplaceBehavior [ RunTime:0.001404s ]
INFO: [ template_filter ] --END-- [ RunTime:0.004252s ]
INFO: Run Behavior\ParseTemplateBehavior [ RunTime:0.061233s ]
INFO: [ view_parse ] --END-- [ RunTime:0.064240s ]
INFO: [ view_filter ] --START--
INFO: Run Behavior\WriteHtmlCacheBehavior [ RunTime:0.001735s ]
INFO: [ view_filter ] --END-- [ RunTime:0.004449s ]
INFO: [ app_end ] --START--
INFO: Run Behavior\ShowPageTraceBehavior [ RunTime:0.002265s ]
INFO: [ app_end ] --END-- [ RunTime:0.005092s ]

[ 2014-04-22T12:29:01+08:00 ] 127.0.0.1 /monitor/index.php/Home/Chart/chart
INFO: [ app_init ] --START--
INFO: Run Behavior\BuildLiteBehavior [ RunTime:0.000606s ]
INFO: [ app_init ] --END-- [ RunTime:0.005490s ]
INFO: [ app_begin ] --START--
INFO: Run Behavior\ReadHtmlCacheBehavior [ RunTime:0.002158s ]
INFO: [ app_begin ] --END-- [ RunTime:0.004738s ]
INFO: [ app_end ] --START--
INFO: Run Behavior\ShowPageTraceBehavior [ RunTime:0.002304s ]
INFO: [ app_end ] --END-- [ RunTime:0.004922s ]

[ 2014-04-22T12:37:14+08:00 ] 127.0.0.1 /monitor/index.php
INFO: [ app_init ] --START--
INFO: Run Behavior\BuildLiteBehavior [ RunTime:0.000491s ]
INFO: [ app_init ] --END-- [ RunTime:0.004042s ]
INFO: [ app_begin ] --START--
INFO: Run Behavior\ReadHtmlCacheBehavior [ RunTime:0.002167s ]
INFO: [ app_begin ] --END-- [ RunTime:0.004743s ]
INFO: [ view_parse ] --START--
INFO: [ template_filter ] --START--
INFO: Run Behavior\ContentReplaceBehavior [ RunTime:0.001355s ]
INFO: [ template_filter ] --END-- [ RunTime:0.004133s ]
INFO: Run Behavior\ParseTemplateBehavior [ RunTime:0.060077s ]
INFO: [ view_parse ] --END-- [ RunTime:0.062736s ]
INFO: [ view_filter ] --START--
INFO: Run Behavior\WriteHtmlCacheBehavior [ RunTime:0.001980s ]
INFO: [ view_filter ] --END-- [ RunTime:0.004618s ]
INFO: [ app_end ] --START--
INFO: Run Behavior\ShowPageTraceBehavior [ RunTime:0.002300s ]
INFO: [ app_end ] --END-- [ RunTime:0.004875s ]

[ 2014-04-22T12:37:19+08:00 ] 127.0.0.1 /monitor/index.php/Home/Chart/chart
INFO: [ app_init ] --START--
INFO: Run Behavior\BuildLiteBehavior [ RunTime:0.000926s ]
INFO: [ app_init ] --END-- [ RunTime:0.007324s ]
INFO: [ app_begin ] --START--
INFO: Run Behavior\ReadHtmlCacheBehavior [ RunTime:0.003127s ]
INFO: [ app_begin ] --END-- [ RunTime:0.008057s ]
INFO: [ app_end ] --START--
INFO: Run Behavior\ShowPageTraceBehavior [ RunTime:0.003218s ]
INFO: [ app_end ] --END-- [ RunTime:0.007736s ]

[ 2014-04-22T12:38:01+08:00 ] 127.0.0.1 /monitor/index.php
INFO: [ app_init ] --START--
INFO: Run Behavior\BuildLiteBehavior [ RunTime:0.000501s ]
INFO: [ app_init ] --END-- [ RunTime:0.003796s ]
INFO: [ app_begin ] --START--
INFO: Run Behavior\ReadHtmlCacheBehavior [ RunTime:0.002128s ]
INFO: [ app_begin ] --END-- [ RunTime:0.004881s ]
INFO: [ view_parse ] --START--
INFO: [ template_filter ] --START--
INFO: Run Behavior\ContentReplaceBehavior [ RunTime:0.001426s ]
INFO: [ template_filter ] --END-- [ RunTime:0.004074s ]
INFO: Run Behavior\ParseTemplateBehavior [ RunTime:0.058400s ]
INFO: [ view_parse ] --END-- [ RunTime:0.061542s ]
INFO: [ view_filter ] --START--
INFO: Run Behavior\WriteHtmlCacheBehavior [ RunTime:0.001965s ]
INFO: [ view_filter ] --END-- [ RunTime:0.004690s ]
INFO: [ app_end ] --START--
INFO: Run Behavior\ShowPageTraceBehavior [ RunTime:0.002284s ]
INFO: [ app_end ] --END-- [ RunTime:0.005007s ]

[ 2014-04-22T12:38:06+08:00 ] 127.0.0.1 /monitor/index.php/Home/Chart/chart
INFO: [ app_init ] --START--
INFO: Run Behavior\BuildLiteBehavior [ RunTime:0.000493s ]
INFO: [ app_init ] --END-- [ RunTime:0.004156s ]
INFO: [ app_begin ] --START--
INFO: Run Behavior\ReadHtmlCacheBehavior [ RunTime:0.002336s ]
INFO: [ app_begin ] --END-- [ RunTime:0.005045s ]
INFO: [ app_end ] --START--
INFO: Run Behavior\ShowPageTraceBehavior [ RunTime:0.002245s ]
INFO: [ app_end ] --END-- [ RunTime:0.005018s ]

[ 2014-04-22T12:40:51+08:00 ] 127.0.0.1 /monitor/index.php
INFO: [ app_init ] --START--
INFO: Run Behavior\BuildLiteBehavior [ RunTime:0.000493s ]
INFO: [ app_init ] --END-- [ RunTime:0.003998s ]
INFO: [ app_begin ] --START--
INFO: Run Behavior\ReadHtmlCacheBehavior [ RunTime:0.002741s ]
INFO: [ app_begin ] --END-- [ RunTime:0.006277s ]
INFO: [ view_parse ] --START--
INFO: [ template_filter ] --START--
INFO: Run Behavior\ContentReplaceBehavior [ RunTime:0.001354s ]
INFO: [ template_filter ] --END-- [ RunTime:0.003995s ]
INFO: Run Behavior\ParseTemplateBehavior [ RunTime:0.063414s ]
INFO: [ view_parse ] --END-- [ RunTime:0.066070s ]
INFO: [ view_filter ] --START--
INFO: Run Behavior\WriteHtmlCacheBehavior [ RunTime:0.002573s ]
INFO: [ view_filter ] --END-- [ RunTime:0.005463s ]
INFO: [ app_end ] --START--
INFO: Run Behavior\ShowPageTraceBehavior [ RunTime:0.002456s ]
INFO: [ app_end ] --END-- [ RunTime:0.005167s ]

[ 2014-04-22T12:41:25+08:00 ] 127.0.0.1 /monitor/index.php
INFO: [ app_init ] --START--
INFO: Run Behavior\BuildLiteBehavior [ RunTime:0.000484s ]
INFO: [ app_init ] --END-- [ RunTime:0.005000s ]
INFO: [ app_begin ] --START--
INFO: Run Behavior\ReadHtmlCacheBehavior [ RunTime:0.001962s ]
INFO: [ app_begin ] --END-- [ RunTime:0.004637s ]
INFO: [ view_parse ] --START--
INFO: [ template_filter ] --START--
INFO: Run Behavior\ContentReplaceBehavior [ RunTime:0.001416s ]
INFO: [ template_filter ] --END-- [ RunTime:0.004184s ]
INFO: Run Behavior\ParseTemplateBehavior [ RunTime:0.060319s ]
INFO: [ view_parse ] --END-- [ RunTime:0.062983s ]
INFO: [ view_filter ] --START--
INFO: Run Behavior\WriteHtmlCacheBehavior [ RunTime:0.002086s ]
INFO: [ view_filter ] --END-- [ RunTime:0.004709s ]
INFO: [ app_end ] --START--
INFO: Run Behavior\ShowPageTraceBehavior [ RunTime:0.002471s ]
INFO: [ app_end ] --END-- [ RunTime:0.005358s ]

[ 2014-04-22T12:41:30+08:00 ] 127.0.0.1 /monitor/index.php/Home/Chart/chart
INFO: [ app_init ] --START--
INFO: Run Behavior\BuildLiteBehavior [ RunTime:0.000549s ]
INFO: [ app_init ] --END-- [ RunTime:0.004520s ]
INFO: [ app_begin ] --START--
INFO: Run Behavior\ReadHtmlCacheBehavior [ RunTime:0.002759s ]
INFO: [ app_begin ] --END-- [ RunTime:0.005735s ]
INFO: [ app_end ] --START--
INFO: Run Behavior\ShowPageTraceBehavior [ RunTime:0.002256s ]
INFO: [ app_end ] --END-- [ RunTime:0.004908s ]

[ 2014-04-22T13:12:15+08:00 ] 127.0.0.1 /monitor/index.php
INFO: [ app_init ] --START--
INFO: Run Behavior\BuildLiteBehavior [ RunTime:0.000501s ]
INFO: [ app_init ] --END-- [ RunTime:0.004178s ]
INFO: [ app_begin ] --START--
INFO: Run Behavior\ReadHtmlCacheBehavior [ RunTime:0.003912s ]
INFO: [ app_begin ] --END-- [ RunTime:0.007531s ]
INFO: [ view_parse ] --START--
INFO: [ template_filter ] --START--
INFO: Run Behavior\ContentReplaceBehavior [ RunTime:0.001346s ]
INFO: [ template_filter ] --END-- [ RunTime:0.004018s ]
INFO: Run Behavior\ParseTemplateBehavior [ RunTime:0.061323s ]
INFO: [ view_parse ] --END-- [ RunTime:0.064488s ]
INFO: [ view_filter ] --START--
INFO: Run Behavior\WriteHtmlCacheBehavior [ RunTime:0.001907s ]
INFO: [ view_filter ] --END-- [ RunTime:0.004468s ]
INFO: [ app_end ] --START--
INFO: Run Behavior\ShowPageTraceBehavior [ RunTime:0.003003s ]
INFO: [ app_end ] --END-- [ RunTime:0.005777s ]

[ 2014-04-22T13:12:20+08:00 ] 127.0.0.1 /monitor/index.php/Home/Chart/chart
INFO: [ app_init ] --START--
INFO: Run Behavior\BuildLiteBehavior [ RunTime:0.000950s ]
INFO: [ app_init ] --END-- [ RunTime:0.007757s ]
INFO: [ app_begin ] --START--
INFO: Run Behavior\ReadHtmlCacheBehavior [ RunTime:0.002643s ]
INFO: [ app_begin ] --END-- [ RunTime:0.006108s ]
INFO: [ app_end ] --START--
INFO: Run Behavior\ShowPageTraceBehavior [ RunTime:0.002264s ]
INFO: [ app_end ] --END-- [ RunTime:0.004906s ]

[ 2014-04-22T13:14:41+08:00 ] 127.0.0.1 /monitor/index.php
INFO: [ app_init ] --START--
INFO: Run Behavior\BuildLiteBehavior [ RunTime:0.000492s ]
INFO: [ app_init ] --END-- [ RunTime:0.003773s ]
INFO: [ app_begin ] --START--
INFO: Run Behavior\ReadHtmlCacheBehavior [ RunTime:0.002194s ]
INFO: [ app_begin ] --END-- [ RunTime:0.004798s ]
INFO: [ view_parse ] --START--
INFO: [ template_filter ] --START--
INFO: Run Behavior\ContentReplaceBehavior [ RunTime:0.001424s ]
INFO: [ template_filter ] --END-- [ RunTime:0.005199s ]
INFO: Run Behavior\ParseTemplateBehavior [ RunTime:0.058687s ]
INFO: [ view_parse ] --END-- [ RunTime:0.061309s ]
INFO: [ view_filter ] --START--
INFO: Run Behavior\WriteHtmlCacheBehavior [ RunTime:0.001918s ]
INFO: [ view_filter ] --END-- [ RunTime:0.004609s ]
INFO: [ app_end ] --START--
INFO: Run Behavior\ShowPageTraceBehavior [ RunTime:0.002211s ]
INFO: [ app_end ] --END-- [ RunTime:0.004926s ]

[ 2014-04-22T13:14:46+08:00 ] 127.0.0.1 /monitor/index.php/Home/Chart/chart
INFO: [ app_init ] --START--
INFO: Run Behavior\BuildLiteBehavior [ RunTime:0.000478s ]
INFO: [ app_init ] --END-- [ RunTime:0.003738s ]
INFO: [ app_begin ] --START--
INFO: Run Behavior\ReadHtmlCacheBehavior [ RunTime:0.001949s ]
INFO: [ app_begin ] --END-- [ RunTime:0.004557s ]
INFO: [ app_end ] --START--
INFO: Run Behavior\ShowPageTraceBehavior [ RunTime:0.002424s ]
INFO: [ app_end ] --END-- [ RunTime:0.005051s ]

[ 2014-04-22T13:15:19+08:00 ] 127.0.0.1 /monitor/index.php
INFO: [ app_init ] --START--
INFO: Run Behavior\BuildLiteBehavior [ RunTime:0.000642s ]
INFO: [ app_init ] --END-- [ RunTime:0.004931s ]
INFO: [ app_begin ] --START--
INFO: Run Behavior\ReadHtmlCacheBehavior [ RunTime:0.002013s ]
INFO: [ app_begin ] --END-- [ RunTime:0.004631s ]
INFO: [ view_parse ] --START--
INFO: [ template_filter ] --START--
INFO: Run Behavior\ContentReplaceBehavior [ RunTime:0.001361s ]
INFO: [ template_filter ] --END-- [ RunTime:0.004039s ]
INFO: Run Behavior\ParseTemplateBehavior [ RunTime:0.056764s ]
INFO: [ view_parse ] --END-- [ RunTime:0.059396s ]
INFO: [ view_filter ] --START--
INFO: Run Behavior\WriteHtmlCacheBehavior [ RunTime:0.001993s ]
INFO: [ view_filter ] --END-- [ RunTime:0.004845s ]
INFO: [ app_end ] --START--
INFO: Run Behavior\ShowPageTraceBehavior [ RunTime:0.002247s ]
INFO: [ app_end ] --END-- [ RunTime:0.004846s ]

[ 2014-04-22T13:15:24+08:00 ] 127.0.0.1 /monitor/index.php/Home/Chart/chart
INFO: [ app_init ] --START--
INFO: Run Behavior\BuildLiteBehavior [ RunTime:0.000663s ]
INFO: [ app_init ] --END-- [ RunTime:0.004402s ]
INFO: [ app_begin ] --START--
INFO: Run Behavior\ReadHtmlCacheBehavior [ RunTime:0.002275s ]
INFO: [ app_begin ] --END-- [ RunTime:0.004984s ]
INFO: [ app_end ] --START--
INFO: Run Behavior\ShowPageTraceBehavior [ RunTime:0.002978s ]
INFO: [ app_end ] --END-- [ RunTime:0.005630s ]

[ 2014-04-22T13:16:40+08:00 ] 127.0.0.1 /monitor/index.php
INFO: [ app_init ] --START--
INFO: Run Behavior\BuildLiteBehavior [ RunTime:0.001036s ]
INFO: [ app_init ] --END-- [ RunTime:0.005997s ]
INFO: [ app_begin ] --START--
INFO: Run Behavior\ReadHtmlCacheBehavior [ RunTime:0.002095s ]
INFO: [ app_begin ] --END-- [ RunTime:0.004809s ]
INFO: [ view_parse ] --START--
INFO: [ template_filter ] --START--
INFO: Run Behavior\ContentReplaceBehavior [ RunTime:0.001911s ]
INFO: [ template_filter ] --END-- [ RunTime:0.006383s ]
INFO: Run Behavior\ParseTemplateBehavior [ RunTime:0.062337s ]
INFO: [ view_parse ] --END-- [ RunTime:0.070627s ]
INFO: [ view_filter ] --START--
INFO: Run Behavior\WriteHtmlCacheBehavior [ RunTime:0.001979s ]
INFO: [ view_filter ] --END-- [ RunTime:0.004589s ]
INFO: [ app_end ] --START--
INFO: Run Behavior\ShowPageTraceBehavior [ RunTime:0.002294s ]
INFO: [ app_end ] --END-- [ RunTime:0.004990s ]

[ 2014-04-22T13:16:45+08:00 ] 127.0.0.1 /monitor/index.php/Home/Chart/chart
INFO: [ app_init ] --START--
INFO: Run Behavior\BuildLiteBehavior [ RunTime:0.000481s ]
INFO: [ app_init ] --END-- [ RunTime:0.003715s ]
INFO: [ app_begin ] --START--
INFO: Run Behavior\ReadHtmlCacheBehavior [ RunTime:0.001969s ]
INFO: [ app_begin ] --END-- [ RunTime:0.004816s ]
INFO: [ app_end ] --START--
INFO: Run Behavior\ShowPageTraceBehavior [ RunTime:0.002339s ]
INFO: [ app_end ] --END-- [ RunTime:0.005224s ]

[ 2014-04-22T14:47:31+08:00 ] 127.0.0.1 /monitor/index.php/Home/Video/video
INFO: [ app_init ] --START--
INFO: Run Behavior\BuildLiteBehavior [ RunTime:0.000474s ]
INFO: [ app_init ] --END-- [ RunTime:0.003751s ]
INFO: [ app_begin ] --START--
INFO: Run Behavior\ReadHtmlCacheBehavior [ RunTime:0.002191s ]
INFO: [ app_begin ] --END-- [ RunTime:0.004805s ]
INFO: [ view_parse ] --START--
INFO: [ template_filter ] --START--
INFO: Run Behavior\ContentReplaceBehavior [ RunTime:0.001324s ]
INFO: [ template_filter ] --END-- [ RunTime:0.003945s ]
INFO: Run Behavior\ParseTemplateBehavior [ RunTime:0.043685s ]
INFO: [ view_parse ] --END-- [ RunTime:0.046308s ]
INFO: [ view_filter ] --START--
INFO: Run Behavior\WriteHtmlCacheBehavior [ RunTime:0.001896s ]
INFO: [ view_filter ] --END-- [ RunTime:0.004479s ]
INFO: [ app_end ] --START--
INFO: Run Behavior\ShowPageTraceBehavior [ RunTime:0.002270s ]
INFO: [ app_end ] --END-- [ RunTime:0.004853s ]

[ 2014-04-22T14:48:14+08:00 ] 127.0.0.1 /monitor/index.php
INFO: [ app_init ] --START--
INFO: Run Behavior\BuildLiteBehavior [ RunTime:0.000472s ]
INFO: [ app_init ] --END-- [ RunTime:0.003727s ]
INFO: [ app_begin ] --START--
INFO: Run Behavior\ReadHtmlCacheBehavior [ RunTime:0.002783s ]
INFO: [ app_begin ] --END-- [ RunTime:0.005368s ]
INFO: [ view_parse ] --START--
INFO: [ template_filter ] --START--
INFO: Run Behavior\ContentReplaceBehavior [ RunTime:0.001355s ]
INFO: [ template_filter ] --END-- [ RunTime:0.004016s ]
INFO: Run Behavior\ParseTemplateBehavior [ RunTime:0.057549s ]
INFO: [ view_parse ] --END-- [ RunTime:0.060178s ]
INFO: [ view_filter ] --START--
INFO: Run Behavior\WriteHtmlCacheBehavior [ RunTime:0.001937s ]
INFO: [ view_filter ] --END-- [ RunTime:0.004524s ]
INFO: [ app_end ] --START--
INFO: Run Behavior\ShowPageTraceBehavior [ RunTime:0.002642s ]
INFO: [ app_end ] --END-- [ RunTime:0.005234s ]

[ 2014-04-22T14:48:17+08:00 ] 127.0.0.1 /monitor/index.php
INFO: [ app_init ] --START--
INFO: Run Behavior\BuildLiteBehavior [ RunTime:0.000495s ]
INFO: [ app_init ] --END-- [ RunTime:0.004044s ]
INFO: [ app_begin ] --START--
INFO: Run Behavior\ReadHtmlCacheBehavior [ RunTime:0.002394s ]
INFO: [ app_begin ] --END-- [ RunTime:0.005112s ]
INFO: [ view_parse ] --START--
INFO: [ template_filter ] --START--
INFO: Run Behavior\ContentReplaceBehavior [ RunTime:0.001359s ]
INFO: [ template_filter ] --END-- [ RunTime:0.004029s ]
INFO: Run Behavior\ParseTemplateBehavior [ RunTime:0.058929s ]
INFO: [ view_parse ] --END-- [ RunTime:0.061674s ]
INFO: [ view_filter ] --START--
INFO: Run Behavior\WriteHtmlCacheBehavior [ RunTime:0.001923s ]
INFO: [ view_filter ] --END-- [ RunTime:0.004580s ]
INFO: [ app_end ] --START--
INFO: Run Behavior\ShowPageTraceBehavior [ RunTime:0.002226s ]
INFO: [ app_end ] --END-- [ RunTime:0.004802s ]

[ 2014-04-22T14:48:22+08:00 ] 127.0.0.1 /monitor/index.php/Home/Chart/chart
INFO: [ app_init ] --START--
INFO: Run Behavior\BuildLiteBehavior [ RunTime:0.000508s ]
INFO: [ app_init ] --END-- [ RunTime:0.004378s ]
INFO: [ app_begin ] --START--
INFO: Run Behavior\ReadHtmlCacheBehavior [ RunTime:0.002007s ]
INFO: [ app_begin ] --END-- [ RunTime:0.004628s ]
INFO: [ app_end ] --START--
INFO: Run Behavior\ShowPageTraceBehavior [ RunTime:0.001990s ]
INFO: [ app_end ] --END-- [ RunTime:0.004871s ]

